6.0s 1 0.00s - Debugger warning: It seems that frozen modules are being used, which may
6.0s 2 0.00s - make the debugger miss breakpoints. Please pass -Xfrozen_modules=off
6.0s 3 0.00s - to python to disable frozen modules.
6.0s 4 0.00s - Note: Debugging will proceed. Set PYDEVD_DISABLE_FILE_VALIDATION=1 to disable this validation.
6.5s 5 0.00s - Debugger warning: It seems that frozen modules are being used, which may
6.5s 6 0.00s - make the debugger miss breakpoints. Please pass -Xfrozen_modules=off
6.5s 7 0.00s - to python to disable frozen modules.
6.5s 8 0.00s - Note: Debugging will proceed. Set PYDEVD_DISABLE_FILE_VALIDATION=1 to disable this validation.
14.5s 9 ✅ Device : cuda
14.5s 10 ✅ Config ready.
14.7s 11 ✅ Data & Solution model ready.
14.7s 12 ✅ Operators: 5D × 4R = 20 combos
14.8s 13 ✅ Helpers ready.
14.8s 14 ✅ QNet ready.
14.8s 15 ✅ ALNS ready.
14.8s 16 ✅ DQN solver ready.
14.9s 17 ✅ PlateauHybridSolver (DDQN-ALNS) ready.
14.9s 18 ✅ Benchmark runner ready.
14.9s 19 ✅ Transfer learning pipeline ready.
14.9s 20 ✅ Stats & table utilities ready.
15.0s 21 ✅ Visualisation ready.
15.0s 22 Smoke test — RC101
15.0s 23 
34.6s 24 ALNS               nv= 16  cost=  1781.6  BKS TD +5.0% NV +2  (19.4s)
58.9s 25 DDQN-ALNS          nv= 15  cost=  1720.1  BKS TD +1.4% NV +1  (24.3s)
58.9s 26 
58.9s 27 ✓ Smoke test passed
96.5s 28 ✅ Convergence plot → /kaggle/working/convergence_RC101.png
96.7s 29 Total: 32 combos × 5 runs
96.7s 30 ============================================================
96.7s 31 
96.7s 32 [RC101] ALNS
227.2s 33 run 1/5: nv=16 cost=1686.8 (130.4s)
329.9s 34 run 2/5: nv=15 cost=1714.8 (102.7s)
440.3s 35 run 3/5: nv=15 cost=1696.5 (110.3s)
563.6s 36 run 4/5: nv=15 cost=1710.8 (123.3s)
667.7s 37 run 5/5: nv=15 cost=1669.3 (104.2s)
667.7s 38 → nv=15.2±0.4  td=1695.6±16.6  gap=-0.1%
667.7s 39 
667.7s 40 [RC101] DDQN-ALNS
754.8s 41 run 1/5: nv=15 cost=1674.9 (87.1s)
845.2s 42 run 2/5: nv=15 cost=1697.3 (90.4s)
941.2s 43 run 3/5: nv=15 cost=1708.7 (96.0s)
1031.9s 44 run 4/5: nv=16 cost=1664.6 (90.7s)
1109.7s 45 run 5/5: nv=16 cost=1663.8 (77.8s)
1109.7s 46 → nv=15.4±0.5  td=1681.8±18.1  gap=-0.9%
1109.7s 47 
1109.7s 48 [RC102] ALNS
1218.2s 49 run 1/5: nv=13 cost=1517.3 (108.6s)
1335.1s 50 run 2/5: nv=14 cost=1507.8 (116.8s)
1467.3s 51 run 3/5: nv=13 cost=1505.6 (132.2s)
1584.8s 52 run 4/5: nv=14 cost=1511.7 (117.4s)
1709.4s 53 run 5/5: nv=14 cost=1522.0 (124.7s)
1709.4s 54 → nv=13.6±0.5  td=1512.9±6.1  gap=-2.7%
1709.4s 55 
1709.4s 56 [RC102] DDQN-ALNS
1781.4s 57 run 1/5: nv=13 cost=1498.6 (72.0s)
1850.2s 58 run 2/5: nv=14 cost=1495.6 (68.8s)
1940.2s 59 run 3/5: nv=14 cost=1516.0 (90.0s)
2020.1s 60 run 4/5: nv=14 cost=1491.6 (79.9s)
2111.3s 61 run 5/5: nv=13 cost=1551.6 (91.2s)
2111.3s 62 → nv=13.6±0.5  td=1510.7±22.1  gap=-2.8%
2111.3s 63 
2111.3s 64 [RC103] ALNS
2223.5s 65 run 1/5: nv=12 cost=1350.9 (112.1s)
2322.0s 66 run 2/5: nv=11 cost=1310.6 (98.6s)
2425.6s 67 run 3/5: nv=12 cost=1329.6 (103.5s)
2554.5s 68 run 4/5: nv=12 cost=1343.9 (129.0s)
2664.8s 69 run 5/5: nv=11 cost=1287.4 (110.3s)
2664.8s 70 → nv=11.6±0.5  td=1324.5±23.1  gap=+5.0%
2664.8s 71 
2664.8s 72 [RC103] DDQN-ALNS
2712.1s 73 run 1/5: nv=12 cost=1296.8 (47.3s)
2788.6s 74 run 2/5: nv=12 cost=1342.3 (76.5s)
2872.9s 75 run 3/5: nv=11 cost=1317.5 (84.3s)
2969.2s 76 run 4/5: nv=12 cost=1305.2 (96.4s)
3033.7s 77 run 5/5: nv=12 cost=1326.5 (64.4s)
3033.7s 78 → nv=11.8±0.4  td=1317.7±16.0  gap=+4.4%
3033.7s 79 
3033.7s 80 [RC104] ALNS
3135.1s 81 run 1/5: nv=10 cost=1183.0 (101.4s)
3235.4s 82 run 2/5: nv=10 cost=1176.0 (100.3s)
3337.3s 83 run 3/5: nv=10 cost=1181.9 (101.9s)
3438.5s 84 run 4/5: nv=10 cost=1168.5 (101.2s)
3541.0s 85 run 5/5: nv=10 cost=1169.4 (102.5s)
3541.0s 86 → nv=10.0±0.0  td=1175.8±6.1  gap=+3.5%
3541.0s 87 
3541.0s 88 [RC104] DDQN-ALNS
3614.7s 89 run 1/5: nv=10 cost=1189.8 (73.7s)
3674.4s 90 run 2/5: nv=11 cost=1172.2 (59.7s)
3743.5s 91 run 3/5: nv=10 cost=1139.5 (69.1s)
3808.4s 92 run 4/5: nv=10 cost=1180.1 (64.9s)
3865.9s 93 run 5/5: nv=10 cost=1166.7 (57.4s)
3865.9s 94 → nv=10.2±0.4  td=1169.7±17.0  gap=+3.0%
3865.9s 95 
3865.9s 96 [RC105] ALNS
3983.2s 97 run 1/5: nv=15 cost=1589.7 (117.3s)
4092.4s 98 run 2/5: nv=14 cost=1622.7 (109.2s)
4228.2s 99 run 3/5: nv=14 cost=1581.5 (135.9s)
4344.5s 100 run 4/5: nv=14 cost=1574.1 (116.3s)
4460.8s 101 run 5/5: nv=14 cost=1598.7 (116.3s)
4460.8s 102 → nv=14.2±0.4  td=1593.3±16.8  gap=-2.2%
4460.8s 103 
4460.8s 104 [RC105] DDQN-ALNS
4536.3s 105 run 1/5: nv=15 cost=1585.1 (75.5s)
4618.8s 106 run 2/5: nv=15 cost=1563.7 (82.5s)
4701.3s 107 run 3/5: nv=14 cost=1660.3 (82.6s)
4777.2s 108 run 4/5: nv=14 cost=1555.2 (75.8s)
4869.6s 109 run 5/5: nv=14 cost=1582.1 (92.5s)
4869.6s 110 → nv=14.4±0.5  td=1589.3±37.2  gap=-2.5%
4869.6s 111 
4869.6s 112 [RC106] ALNS
4998.8s 113 run 1/5: nv=13 cost=1408.8 (129.2s)
5128.0s 114 run 2/5: nv=13 cost=1406.7 (129.1s)
5266.3s 115 run 3/5: nv=13 cost=1395.9 (138.3s)
5398.9s 116 run 4/5: nv=13 cost=1392.3 (132.6s)
5528.8s 117 run 5/5: nv=12 cost=1438.2 (129.9s)
5528.8s 118 → nv=12.8±0.4  td=1408.4±16.2  gap=-1.1%
5528.8s 119 
5528.8s 120 [RC106] DDQN-ALNS
5596.0s 121 run 1/5: nv=12 cost=1429.4 (67.1s)
5679.3s 122 run 2/5: nv=13 cost=1412.9 (83.3s)
5761.1s 123 run 3/5: nv=13 cost=1400.1 (81.9s)
5839.4s 124 run 4/5: nv=13 cost=1390.0 (78.2s)
5923.2s 125 run 5/5: nv=13 cost=1408.4 (83.8s)
5923.2s 126 → nv=12.8±0.4  td=1408.1±13.2  gap=-1.2%
5923.2s 127 
5923.2s 128 [RC107] ALNS
6049.0s 129 run 1/5: nv=12 cost=1280.9 (125.8s)
6180.7s 130 run 2/5: nv=12 cost=1280.0 (131.8s)
6315.6s 131 run 3/5: nv=12 cost=1264.6 (134.8s)
6443.5s 132 run 4/5: nv=12 cost=1288.6 (128.0s)
6567.0s 133 run 5/5: nv=12 cost=1284.9 (123.5s)
6567.0s 134 → nv=12.0±0.0  td=1279.8±8.2  gap=+4.0%
6567.0s 135 
6567.0s 136 [RC107] DDQN-ALNS
6640.0s 137 run 1/5: nv=12 cost=1253.4 (73.1s)
6727.2s 138 run 2/5: nv=12 cost=1265.6 (87.1s)
6802.4s 139 run 3/5: nv=12 cost=1260.3 (75.3s)
6890.5s 140 run 4/5: nv=12 cost=1298.8 (88.0s)
6996.5s 141 run 5/5: nv=12 cost=1271.1 (106.0s)
6996.5s 142 → nv=12.0±0.0  td=1269.8±15.6  gap=+3.2%
6996.5s 143 
6996.5s 144 [RC108] ALNS
7133.4s 145 run 1/5: nv=11 cost=1163.7 (136.8s)
7275.1s 146 run 2/5: nv=11 cost=1144.2 (141.8s)
7411.6s 147 run 3/5: nv=11 cost=1147.5 (136.5s)
7554.9s 148 run 4/5: nv=10 cost=1156.7 (143.3s)
7696.6s 149 run 5/5: nv=11 cost=1176.7 (141.7s)
7696.6s 150 → nv=10.8±0.4  td=1157.7±11.7  gap=+1.6%
7696.6s 151 
7696.6s 152 [RC108] DDQN-ALNS
7773.6s 153 run 1/5: nv=11 cost=1159.9 (77.0s)
7846.5s 154 run 2/5: nv=11 cost=1157.3 (72.9s)
7930.1s 155 run 3/5: nv=11 cost=1137.4 (83.6s)
8020.4s 156 run 4/5: nv=11 cost=1149.1 (90.3s)
8118.6s 157 run 5/5: nv=11 cost=1154.5 (98.2s)
8118.6s 158 → nv=11.0±0.0  td=1151.6±8.0  gap=+1.0%
8118.6s 159 
8118.6s 160 [RC201] ALNS
8231.1s 161 run 1/5: nv=4 cost=1529.4 (112.4s)
8337.7s 162 run 2/5: nv=4 cost=1497.5 (106.6s)
8452.3s 163 run 3/5: nv=4 cost=1452.4 (114.6s)
8571.8s 164 run 4/5: nv=4 cost=1440.6 (119.5s)
8681.6s 165 run 5/5: nv=4 cost=1465.2 (109.7s)
8681.6s 166 → nv=4.0±0.0  td=1477.0±32.4  gap=+5.0%
8681.6s 167 
8681.6s 168 [RC201] DDQN-ALNS
8740.2s 169 run 1/5: nv=4 cost=1442.4 (58.7s)
8800.9s 170 run 2/5: nv=4 cost=1459.5 (60.6s)
8891.3s 171 run 3/5: nv=4 cost=1494.4 (90.5s)
8973.3s 172 run 4/5: nv=4 cost=1446.0 (82.0s)
9052.7s 173 run 5/5: nv=4 cost=1484.3 (79.3s)
9052.7s 174 → nv=4.0±0.0  td=1465.3±20.7  gap=+4.2%
9052.7s 175 
9052.7s 176 [RC202] ALNS
9149.6s 177 run 1/5: nv=4 cost=1196.4 (96.9s)
9245.6s 178 run 2/5: nv=4 cost=1182.1 (96.0s)
9343.6s 179 run 3/5: nv=4 cost=1229.1 (98.0s)
9442.4s 180 run 4/5: nv=4 cost=1211.1 (98.8s)
9537.7s 181 run 5/5: nv=4 cost=1207.3 (95.3s)
9537.7s 182 → nv=4.0±0.0  td=1205.2±15.6  gap=-11.8%
9537.7s 183 
9537.7s 184 [RC202] DDQN-ALNS
9605.9s 185 run 1/5: nv=4 cost=1161.8 (68.1s)
9676.6s 186 run 2/5: nv=4 cost=1237.2 (70.8s)
9747.3s 187 run 3/5: nv=4 cost=1161.3 (70.7s)
9829.7s 188 run 4/5: nv=4 cost=1228.1 (82.4s)
9903.9s 189 run 5/5: nv=4 cost=1222.4 (74.2s)
9903.9s 190 → nv=4.0±0.0  td=1202.2±33.5  gap=-12.0%
9903.9s 191 
9903.9s 192 [RC203] ALNS
9973.6s 193 run 1/5: nv=3 cost=1087.0 (69.7s)
10049.4s 194 run 2/5: nv=3 cost=1128.6 (75.8s)
10124.8s 195 run 3/5: nv=3 cost=1108.4 (75.4s)
10201.5s 196 run 4/5: nv=3 cost=1087.5 (76.8s)
10280.4s 197 run 5/5: nv=3 cost=1109.2 (78.9s)
10280.4s 198 → nv=3.0±0.0  td=1104.1±15.6  gap=+5.2%
10280.4s 199 
10280.4s 200 [RC203] DDQN-ALNS
10339.4s 201 run 1/5: nv=3 cost=1091.0 (59.0s)
10389.3s 202 run 2/5: nv=3 cost=1135.8 (49.9s)
10436.4s 203 run 3/5: nv=3 cost=1094.0 (47.0s)
10482.8s 204 run 4/5: nv=4 cost=965.6 (46.5s)
10533.6s 205 run 5/5: nv=4 cost=951.1 (50.8s)
10533.6s 206 → nv=3.4±0.5  td=1047.5±74.7  gap=-0.2%
10533.6s 207 
10533.6s 208 [RC204] ALNS
10593.2s 209 run 1/5: nv=3 cost=829.3 (59.5s)
10651.7s 210 run 2/5: nv=3 cost=824.2 (58.5s)
10713.3s 211 run 3/5: nv=3 cost=855.6 (61.6s)
10773.4s 212 run 4/5: nv=3 cost=832.0 (60.1s)
10835.6s 213 run 5/5: nv=3 cost=854.6 (62.3s)
10835.6s 214 → nv=3.0±0.0  td=839.1±13.3  gap=+5.1%
10835.6s 215 
10835.6s 216 [RC204] DDQN-ALNS
10869.8s 217 run 1/5: nv=3 cost=802.9 (34.2s)
10916.0s 218 run 2/5: nv=3 cost=820.8 (46.2s)
10959.7s 219 run 3/5: nv=3 cost=853.4 (43.7s)
11013.7s 220 run 4/5: nv=3 cost=842.6 (54.0s)
11044.3s 221 run 5/5: nv=3 cost=802.9 (30.6s)
11044.3s 222 → nv=3.0±0.0  td=824.5±20.6  gap=+3.3%
11044.3s 223 
11044.3s 224 [RC205] ALNS
11137.4s 225 run 1/5: nv=4 cost=1355.1 (93.1s)
11233.8s 226 run 2/5: nv=4 cost=1399.6 (96.4s)
11334.3s 227 run 3/5: nv=4 cost=1345.1 (100.5s)
11428.6s 228 run 4/5: nv=4 cost=1339.5 (94.3s)
11529.0s 229 run 5/5: nv=4 cost=1382.5 (100.4s)
11529.0s 230 → nv=4.0±0.0  td=1364.3±23.0  gap=+5.1%
11529.0s 231 
11529.0s 232 [RC205] DDQN-ALNS
11615.8s 233 run 1/5: nv=4 cost=1305.0 (86.8s)
11680.8s 234 run 2/5: nv=4 cost=1353.7 (65.1s)
11750.1s 235 run 3/5: nv=4 cost=1371.9 (69.2s)
11823.7s 236 run 4/5: nv=4 cost=1359.2 (73.7s)
11885.2s 237 run 5/5: nv=4 cost=1357.2 (61.5s)
11885.2s 238 → nv=4.0±0.0  td=1349.4±23.1  gap=+4.0%
11885.2s 239 
11885.2s 240 [RC206] ALNS
11978.5s 241 run 1/5: nv=3 cost=1163.0 (93.3s)
12077.9s 242 run 2/5: nv=3 cost=1161.3 (99.4s)
12179.4s 243 run 3/5: nv=4 cost=1117.3 (101.5s)
12282.1s 244 run 4/5: nv=4 cost=1110.1 (102.7s)
12382.6s 245 run 5/5: nv=4 cost=1089.7 (100.5s)
12382.6s 246 → nv=3.6±0.5  td=1128.3±29.1  gap=-1.6%
12382.6s 247 
12382.6s 248 [RC206] DDQN-ALNS
12465.3s 249 run 1/5: nv=4 cost=1101.1 (82.6s)
12536.8s 250 run 2/5: nv=4 cost=1094.1 (71.5s)
12618.1s 251 run 3/5: nv=4 cost=1099.7 (81.4s)
12686.4s 252 run 4/5: nv=4 cost=1101.5 (68.2s)
12746.8s 253 run 5/5: nv=4 cost=1117.3 (60.4s)
12746.8s 254 → nv=4.0±0.0  td=1102.8±7.8  gap=-3.8%
12746.8s 255 
12746.8s 256 [RC207] ALNS
12840.6s 257 run 1/5: nv=3 cost=1108.5 (93.8s)
12933.6s 258 run 2/5: nv=3 cost=1142.4 (92.9s)
13024.5s 259 run 3/5: nv=4 cost=1033.0 (90.9s)
13112.0s 260 run 4/5: nv=4 cost=1042.1 (87.5s)
13204.6s 261 run 5/5: nv=3 cost=1083.9 (92.6s)
13204.6s 262 → nv=3.4±0.5  td=1082.0±40.9  gap=+2.0%
13204.6s 263 
13204.6s 264 [RC207] DDQN-ALNS
13252.8s 265 run 1/5: nv=3 cost=1104.9 (48.2s)
13327.3s 266 run 2/5: nv=4 cost=1064.4 (74.5s)
13397.8s 267 run 3/5: nv=4 cost=1033.2 (70.5s)
13453.2s 268 run 4/5: nv=3 cost=1127.7 (55.4s)
13522.2s 269 run 5/5: nv=4 cost=1029.6 (69.0s)
13522.2s 270 → nv=3.6±0.5  td=1072.0±38.9  gap=+1.0%
13522.2s 271 
13522.2s 272 [RC208] ALNS
13613.6s 273 run 1/5: nv=3 cost=882.3 (91.4s)
13710.5s 274 run 2/5: nv=3 cost=873.3 (96.9s)
13806.0s 275 run 3/5: nv=3 cost=829.7 (95.4s)
13907.4s 276 run 4/5: nv=3 cost=836.6 (101.5s)
14007.8s 277 run 5/5: nv=3 cost=863.9 (100.4s)
14007.8s 278 → nv=3.0±0.0  td=857.2±20.6  gap=+3.5%
14007.8s 279 
14007.8s 280 [RC208] DDQN-ALNS
14064.4s 281 run 1/5: nv=3 cost=863.9 (56.6s)
14141.3s 282 run 2/5: nv=3 cost=913.6 (76.9s)
14201.2s 283 run 3/5: nv=3 cost=975.4 (59.8s)
14261.7s 284 run 4/5: nv=3 cost=879.1 (60.5s)
14345.6s 285 run 5/5: nv=3 cost=889.4 (84.0s)
14345.6s 286 → nv=3.0±0.0  td=904.3±39.1  gap=+9.2%
14345.6s 287 
14345.6s 288 --------------------------------------------------------------------------------------
14345.6s 289 DS  Algorithm             NV   +/-   vsBKS        TD     +/-    Gap%    OT%    Time
14345.6s 290 --------------------------------------------------------------------------------------
14345.6s 291 RC1 ALNS               12.52  0.32   +1.02   1393.49   13.08  +1.00%  100.0  120.7s
14345.6s 292 RC1 DDQN-ALNS          12.65  0.33   +1.15   1387.34   18.39  +0.54%  100.0   79.8s
14345.6s 293 RC2 ALNS                3.50  0.12   +0.25   1132.16   23.79  +1.57%  100.0   91.3s
14345.6s 294 RC2 DDQN-ALNS           3.62  0.12   +0.38   1120.98   32.27  +0.70%  100.0   64.4s
14345.6s 295 --------------------------------------------------------------------------------------
14346.6s 296 ✅ dashboard.png saved → /kaggle/working/dashboard.png
14346.8s 297 📚 Training transfer model...
14346.8s 298 Training on RC101...
14434.7s 299 nv=15, gap=-1.3%
14434.7s 300 Training on RC102...
14506.8s 301 nv=13, gap=-3.6%
14506.8s 302 Training on RC103...
14554.7s 303 nv=12, gap=+2.8%
14554.7s 304 Training on RC104...
14628.6s 305 nv=10, gap=+4.8%
14628.6s 306 Training on RC105...
14706.7s 307 nv=15, gap=-2.7%
14706.7s 308 Training on RC106...
14774.1s 309 nv=12, gap=+0.3%
14774.1s 310 Training on RC107...
14841.8s 311 nv=12, gap=+1.9%
14841.8s 312 Training on RC108...
14923.9s 313 nv=11, gap=+1.3%
14923.9s 314 
14923.9s 315 ✅ Transfer model saved → /kaggle/working/rl_alns_transfer.safetensors
14923.9s 316 Total: 8 combos × 5 runs
14923.9s 317 ============================================================
14923.9s 318 
14923.9s 319 [RC201] DDQN-ALNS★
14986.7s 320 run 1/5: nv=4 cost=1457.1 (62.7s)
15051.1s 321 run 2/5: nv=4 cost=1459.5 (64.4s)
15141.3s 322 run 3/5: nv=4 cost=1494.4 (90.2s)
15224.8s 323 run 4/5: nv=4 cost=1446.0 (83.5s)
15301.8s 324 run 5/5: nv=4 cost=1484.3 (77.1s)
15301.8s 325 → nv=4.0±0.0  td=1468.2±18.1  gap=+4.4%
15301.8s 326 
15301.8s 327 [RC202] DDQN-ALNS★
15369.4s 328 run 1/5: nv=4 cost=1161.8 (67.5s)
15436.9s 329 run 2/5: nv=4 cost=1236.5 (67.5s)
15506.7s 330 run 3/5: nv=4 cost=1161.3 (69.8s)
15588.0s 331 run 4/5: nv=4 cost=1228.1 (81.4s)
15662.6s 332 run 5/5: nv=4 cost=1222.4 (74.5s)
15662.6s 333 → nv=4.0±0.0  td=1202.0±33.4  gap=-12.0%
15662.6s 334 
15662.6s 335 [RC203] DDQN-ALNS★
15719.6s 336 run 1/5: nv=3 cost=1091.0 (57.1s)
15771.9s 337 run 2/5: nv=3 cost=1135.8 (52.2s)
15820.3s 338 run 3/5: nv=3 cost=1094.0 (48.4s)
15867.5s 339 run 4/5: nv=4 cost=965.6 (47.3s)
15918.7s 340 run 5/5: nv=4 cost=951.1 (51.2s)
15918.7s 341 → nv=3.4±0.5  td=1047.5±74.7  gap=-0.2%
15918.7s 342 
15918.7s 343 [RC204] DDQN-ALNS★
15952.7s 344 run 1/5: nv=3 cost=802.9 (34.0s)
15998.5s 345 run 2/5: nv=3 cost=820.8 (45.8s)
16045.1s 346 run 3/5: nv=3 cost=853.4 (46.6s)
16097.0s 347 run 4/5: nv=3 cost=842.6 (51.9s)
16125.9s 348 run 5/5: nv=3 cost=802.9 (28.9s)
16125.9s 349 → nv=3.0±0.0  td=824.5±20.6  gap=+3.3%
16125.9s 350 
16125.9s 351 [RC205] DDQN-ALNS★
16213.2s 352 run 1/5: nv=4 cost=1305.0 (87.3s)
16278.5s 353 run 2/5: nv=4 cost=1353.7 (65.3s)
16345.3s 354 run 3/5: nv=4 cost=1371.9 (66.8s)
16419.3s 355 run 4/5: nv=4 cost=1359.2 (74.0s)
16480.4s 356 run 5/5: nv=4 cost=1357.2 (61.1s)
16480.4s 357 → nv=4.0±0.0  td=1349.4±23.1  gap=+4.0%
16480.4s 358 
16480.4s 359 [RC206] DDQN-ALNS★
16562.6s 360 run 1/5: nv=4 cost=1101.1 (82.1s)
16633.1s 361 run 2/5: nv=4 cost=1094.1 (70.6s)
16713.6s 362 run 3/5: nv=4 cost=1099.7 (80.5s)
16780.0s 363 run 4/5: nv=4 cost=1101.5 (66.4s)
16838.7s 364 run 5/5: nv=4 cost=1117.3 (58.7s)
16838.7s 365 → nv=4.0±0.0  td=1102.8±7.8  gap=-3.8%
16838.7s 366 
16838.7s 367 [RC207] DDQN-ALNS★
16888.9s 368 run 1/5: nv=3 cost=1104.9 (50.1s)
16962.0s 369 run 2/5: nv=4 cost=1064.4 (73.1s)
17031.9s 370 run 3/5: nv=4 cost=1033.2 (70.0s)
17087.4s 371 run 4/5: nv=3 cost=1127.7 (55.5s)
17155.2s 372 run 5/5: nv=4 cost=1029.6 (67.8s)
17155.2s 373 → nv=3.6±0.5  td=1072.0±38.9  gap=+1.0%
17155.2s 374 
17155.2s 375 [RC208] DDQN-ALNS★
17215.5s 376 run 1/5: nv=3 cost=864.5 (60.3s)
17291.2s 377 run 2/5: nv=3 cost=913.6 (75.8s)
17353.6s 378 run 3/5: nv=3 cost=975.4 (62.4s)
17411.6s 379 run 4/5: nv=3 cost=879.5 (58.0s)
17493.2s 380 run 5/5: nv=3 cost=889.4 (81.8s)
17493.2s 381 → nv=3.0±0.0  td=904.5±38.9  gap=+9.2%
17493.2s 382 
17493.2s 383 ───────────────────────────────────────────────────────────────────────────────────
17493.2s 384 DS  Algorithm         NV   ±   vsBKS       TD     ±   Gap% CV_NV CV_TD   OT%   Time
17493.2s 385 ───────────────────────────────────────────────────────────────────────────────────
17493.2s 386 RC2 ALNS             3.5 0.1    +0.2   1132.2  23.8  +1.6%   3.5   2.1 100.0  91.3s
17493.2s 387 RC2 DDQN-ALNS        3.6 0.1    +0.4   1121.0  32.3  +0.7%   3.5   3.0 100.0  64.4s
17493.2s 388 RC2 DDQN-ALNS★       3.6 0.1    +0.4   1121.4  31.9  +0.7%   3.5   3.0 100.0  64.2s
17493.2s 389 ───────────────────────────────────────────────────────────────────────────────────
17493.2s 390 CV = std/mean×100%. Negative Gap%: solution beats BKS distance.
17493.4s 391 ============================================================
17493.4s 392 FULL RESULTS TABLE
17493.4s 393 
17493.4s 394 ───────────────────────────────────────────────────────────────────────────────────
17493.4s 395 DS  Algorithm         NV   ±   vsBKS       TD     ±   Gap% CV_NV CV_TD   OT%   Time
17493.4s 396 ───────────────────────────────────────────────────────────────────────────────────
17493.4s 397 RC1 ALNS            12.5 0.3    +1.0   1393.5  13.1  +1.0%   2.5   0.9 100.0 120.7s
17493.4s 398 RC1 DDQN-ALNS       12.7 0.3    +1.1   1387.3  18.4  +0.5%   2.6   1.3 100.0  79.8s
17493.4s 399 ───────────────────────────────────────────────────────────────────────────────────
17493.4s 400 RC2 ALNS             3.5 0.1    +0.2   1132.2  23.8  +1.6%   3.5   2.1 100.0  91.3s
17493.4s 401 RC2 DDQN-ALNS        3.6 0.1    +0.4   1121.0  32.3  +0.7%   3.5   3.0 100.0  64.4s
17493.4s 402 RC2 DDQN-ALNS★       3.6 0.1    +0.4   1121.4  31.9  +0.7%   3.5   3.0 100.0  64.2s
17493.4s 403 ───────────────────────────────────────────────────────────────────────────────────
17493.4s 404 CV = std/mean×100%. Negative Gap%: solution beats BKS distance.
17493.4s 405 
17493.4s 406 ============================================================
17493.4s 407 STATISTICAL TESTS
17493.4s 408 
17493.4s 409 ── Wilcoxon signed-rank (two-sided) ──
17493.4s 410 Comparison                  DS   Metric        W        p  Sig      Better
17493.4s 411 ──────────────────────────────────────────────────────────────────────
17493.4s 412 DDQN-ALNS vs ALNS      RC1  Gap%        0.0   0.0078    ✅   DDQN-ALNS
17493.4s 413 DDQN-ALNS vs ALNS      RC1  NV_mean     0.0   0.0625    —        ALNS
17493.4s 414 DDQN-ALNS vs ALNS      RC2  Gap%        8.0   0.1953    —   DDQN-ALNS
17493.4s 415 DDQN-ALNS vs ALNS      RC2  NV_mean     0.0   0.2500    —        ALNS
17493.4s 416 DDQN-ALNS★ vs ALNS      RC2  Gap%        8.0   0.1953    —  DDQN-ALNS★
17493.5s 417 DDQN-ALNS★ vs ALNS      RC2  NV_mean     0.0   0.2500    —        ALNS
17493.5s 418 ──────────────────────────────────────────────────────────────────────
17493.5s 419 ✅ = p < 0.05
17493.5s 420 
17493.5s 421 ============================================================
17493.5s 422 DASHBOARD
17494.8s 423 ✅ dashboard.png saved → /kaggle/working/dashboard.png
17494.8s 424 
17494.8s 425 ============================================================
17494.8s 426 TRANSFER: DDQN-ALNS★ vs ALNS on RC2
17494.8s 427 ✅ Transfer comparison plot → /kaggle/working/transfer_comparison.png
17494.9s 428 
17494.9s 429 ── RC1 per-instance detail ──
17494.9s 430 Gap%           NV_cv           NV_mean            TD_mean
17494.9s 431 Algorithm  ALNS DDQN-ALNS  ALNS DDQN-ALNS    ALNS DDQN-ALNS     ALNS DDQN-ALNS
17494.9s 432 Instance
17494.9s 433 RC101     -0.08     -0.89  2.63      3.18    15.2      15.4  1695.62   1681.85
17494.9s 434 RC102     -2.69     -2.83  3.60      3.60    13.6      13.6  1512.87   1510.68
17494.9s 435 RC103      4.98      4.44  4.22      3.39    11.6      11.8  1324.48   1317.66
17494.9s 436 RC104      3.55      3.01  0.00      3.92    10.0      10.2  1175.76   1169.66
17494.9s 437 RC105     -2.22     -2.46  2.82      3.40    14.2      14.4  1593.32   1589.28
17494.9s 438 RC106     -1.15     -1.16  3.12      3.12    12.8      12.8  1408.36   1408.14
17494.9s 439 RC107      4.01      3.20  0.00      0.00    12.0      12.0  1279.80   1269.83
17494.9s 440 RC108      1.57      1.04  3.70      0.00    10.8      11.0  1157.74   1151.64
17494.9s 441 
17494.9s 442 ── RC2 per-instance detail ──
17494.9s 443 Gap%                       NV_cv                      NV_mean                       TD_mean
17494.9s 444 Algorithm   ALNS DDQN-ALNS DDQN-ALNS★   ALNS DDQN-ALNS DDQN-ALNS★    ALNS DDQN-ALNS DDQN-ALNS★     ALNS DDQN-ALNS DDQN-ALNS★
17494.9s 445 Instance
17494.9s 446 RC201       4.98      4.15       4.36   0.00      0.00       0.00     4.0       4.0        4.0  1477.01   1465.30    1468.24
17494.9s 447 RC202     -11.75    -11.97     -11.98   0.00      0.00       0.00     4.0       4.0        4.0  1205.19   1202.16    1202.03
17494.9s 448 RC203       5.19     -0.20      -0.20   0.00     14.41      14.41     3.0       3.4        3.4  1104.14   1047.50    1047.50
17494.9s 449 RC204       5.10      3.26       3.26   0.00      0.00       0.00     3.0       3.0        3.0   839.14    824.50     824.51
17494.9s 450 RC205       5.14      3.99       3.99   0.00      0.00       0.00     4.0       4.0        4.0  1364.35   1349.42    1349.42
17494.9s 451 RC206      -1.57     -3.80      -3.80  13.61      0.00       0.00     3.6       4.0        4.0  1128.27   1102.75    1102.75
17494.9s 452 RC207       1.96      1.02       1.02  14.41     13.61      13.61     3.4       3.6        3.6  1081.98   1071.97    1071.97
17494.9s 453 RC208       3.50      9.19       9.22   0.00      0.00       0.00     3.0       3.0        3.0   857.16    904.26     904.47
17623.9s 454 ✅ Route plot → /kaggle/working/routes_ALNS_RC101.png
17711.5s 455 ✅ Route plot → /kaggle/working/routes_DDQN-ALNS_RC101.png
17711.7s 456 Exporting NEXUS demo for RC101...
17842.2s 457 ALNS        : nv=16, td=1686.8, gap=-0.6%
17929.6s 458 DDQN-ALNS   : nv=15, td=1674.9, gap=-1.3%
18015.3s 459 
18015.3s 460 ✅ nexus_demo.json → /kaggle/working/nexus_demo.json  (44.4 KB)
18015.3s 461 Total export time: 303.8s
18015.3s 462 Drop nexus_demo.json into nexus_v2.html to view
18020.9s 463 /usr/local/lib/python3.12/dist-packages/mistune.py:435: SyntaxWarning: invalid escape sequence '\|'
18020.9s 464 cells[i][c] = re.sub('\\\\\|', '|', cell)
18021.0s 465 /usr/local/lib/python3.12/dist-packages/nbconvert/filters/filter_links.py:36: SyntaxWarning: invalid escape sequence '\_'
18021.0s 466 text = re.sub(r'_', '\_', text) # Escape underscores in display text
18021.7s 467 [NbConvertApp] Converting notebook __notebook__.ipynb to notebook
18022.0s 468 [NbConvertApp] Writing 120345 bytes to __notebook__.ipynb
18024.2s 469 [NbConvertApp] Converting notebook __notebook__.ipynb to html
18025.4s 470 [NbConvertApp] Writing 698121 bytes to __results__.html
