
51.7s 29 ALNS         nv= 16  cost=  1733.6  BKS TD +2.2% NV +2  (27.3s)
60.0s 30 DQN          nv= 43  cost=  4160.3  BKS TD +145.2% NV +29  (8.2s)
105.5s 31 RL-ALNS      nv= 16  cost=  1709.4  BKS TD +0.7% NV +2  (45.5s)
105.5s 32 
105.5s 33 ✓ Smoke test passed
176.9s 34 Total: 48 combos × 5 runs
176.9s 35 ============================================================
176.9s 36 
176.9s 37 [RC101] ALNS
262.2s 38 run 1/5: nv=15 cost=1739.5 (85.4s)
349.6s 39 run 2/5: nv=15 cost=1641.3 (87.4s)
439.9s 40 run 3/5: nv=16 cost=1682.8 (90.3s)
545.7s 41 run 4/5: nv=16 cost=1674.5 (105.8s)
639.6s 42 run 5/5: nv=15 cost=1721.2 (94.0s)
639.6s 43 → nv=15.4±0.5  td=1691.9±34.8  gap=-0.3%
639.6s 44 
639.6s 45 [RC101] DQN
641.1s 46 run 1/5: nv=42 cost=4156.5 (1.5s)
642.6s 47 run 2/5: nv=42 cost=4137.2 (1.5s)
644.3s 48 run 3/5: nv=47 cost=4345.0 (1.7s)
645.7s 49 run 4/5: nv=39 cost=4025.2 (1.4s)
647.4s 50 run 5/5: nv=51 cost=4559.7 (1.7s)
647.4s 51 → nv=44.2±4.3  td=4244.7±188.1  gap=+150.1%
647.4s 52 
647.4s 53 [RC101] RL-ALNS
829.5s 54 run 1/5: nv=15 cost=1700.4 (182.1s)
995.1s 55 run 2/5: nv=15 cost=1675.8 (165.6s)
1179.9s 56 run 3/5: nv=15 cost=1645.0 (184.8s)
1309.6s 57 run 4/5: nv=16 cost=1703.1 (129.7s)
1453.2s 58 run 5/5: nv=15 cost=1704.6 (143.6s)
1453.2s 59 → nv=15.2±0.4  td=1685.8±22.9  gap=-0.7%
1453.2s 60 
1453.2s 61 [RC102] ALNS
1535.3s 62 run 1/5: nv=14 cost=1537.2 (82.2s)
1615.7s 63 run 2/5: nv=14 cost=1517.7 (80.3s)
1699.2s 64 run 3/5: nv=14 cost=1515.9 (83.5s)
1795.4s 65 run 4/5: nv=13 cost=1523.8 (96.2s)
1885.3s 66 run 5/5: nv=14 cost=1517.0 (89.9s)
1885.3s 67 → nv=13.8±0.4  td=1522.3±7.9  gap=-2.1%
1885.3s 68 
1885.3s 69 [RC102] DQN
1886.8s 70 run 1/5: nv=41 cost=4457.4 (1.6s)
1888.3s 71 run 2/5: nv=34 cost=4168.8 (1.5s)
1889.8s 72 run 3/5: nv=36 cost=4252.0 (1.5s)
1891.2s 73 run 4/5: nv=36 cost=4077.4 (1.4s)
1892.7s 74 run 5/5: nv=40 cost=4178.8 (1.5s)
1892.7s 75 → nv=37.4±2.7  td=4226.9±127.9  gap=+171.9%
1892.7s 76 
1892.7s 77 [RC102] RL-ALNS
2006.2s 78 run 1/5: nv=14 cost=1531.3 (113.4s)
2173.9s 79 run 2/5: nv=14 cost=1518.7 (167.7s)
2373.5s 80 run 3/5: nv=14 cost=1500.3 (199.6s)
2527.4s 81 run 4/5: nv=13 cost=1548.1 (154.0s)
2713.1s 82 run 5/5: nv=14 cost=1512.2 (185.7s)
2713.1s 83 → nv=13.8±0.4  td=1522.1±16.4  gap=-2.1%
2713.1s 84 
2713.1s 85 [RC103] ALNS
2793.8s 86 run 1/5: nv=12 cost=1352.0 (80.7s)
2873.6s 87 run 2/5: nv=12 cost=1357.2 (79.8s)
2963.4s 88 run 3/5: nv=11 cost=1311.2 (89.7s)
3046.7s 89 run 4/5: nv=12 cost=1354.6 (83.3s)
3130.9s 90 run 5/5: nv=12 cost=1334.8 (84.2s)
3130.9s 91 → nv=11.8±0.4  td=1342.0±17.3  gap=+6.4%
3130.9s 92 
3130.9s 93 [RC103] DQN
3132.4s 94 run 1/5: nv=33 cost=4179.8 (1.5s)
3133.9s 95 run 2/5: nv=32 cost=4143.5 (1.5s)
3135.5s 96 run 3/5: nv=37 cost=4322.2 (1.5s)
3136.9s 97 run 4/5: nv=33 cost=3883.4 (1.5s)
3138.5s 98 run 5/5: nv=36 cost=4143.8 (1.5s)
3138.5s 99 → nv=34.2±1.9  td=4134.5±141.8  gap=+227.7%
3138.5s 100 
3138.5s 101 [RC103] RL-ALNS
3308.0s 102 run 1/5: nv=12 cost=1311.7 (169.5s)
3470.6s 103 run 2/5: nv=12 cost=1311.8 (162.6s)
3656.0s 104 run 3/5: nv=12 cost=1324.9 (185.5s)
3810.2s 105 run 4/5: nv=11 cost=1282.2 (154.2s)
3972.4s 106 run 5/5: nv=12 cost=1342.5 (162.1s)
3972.4s 107 → nv=11.8±0.4  td=1314.6±19.7  gap=+4.2%
3972.4s 108 
3972.4s 109 [RC104] ALNS
4041.8s 110 run 1/5: nv=10 cost=1234.1 (69.4s)
4114.8s 111 run 2/5: nv=10 cost=1154.9 (73.0s)
4184.8s 112 run 3/5: nv=10 cost=1190.5 (69.9s)
4260.1s 113 run 4/5: nv=10 cost=1198.0 (75.4s)
4340.0s 114 run 5/5: nv=10 cost=1186.2 (79.8s)
4340.0s 115 → nv=10.0±0.0  td=1192.7±25.4  gap=+5.0%
4340.0s 116 
4340.0s 117 [RC104] DQN
4341.5s 118 run 1/5: nv=28 cost=4190.2 (1.6s)
4343.1s 119 run 2/5: nv=27 cost=4061.0 (1.6s)
4344.7s 120 run 3/5: nv=29 cost=4167.8 (1.6s)
4346.1s 121 run 4/5: nv=29 cost=3879.5 (1.4s)
4347.6s 122 run 5/5: nv=27 cost=4017.7 (1.5s)
4347.6s 123 → nv=28.0±0.9  td=4063.2±112.2  gap=+257.8%
4347.6s 124 
4347.6s 125 [RC104] RL-ALNS
4508.1s 126 run 1/5: nv=10 cost=1174.3 (160.5s)
4668.0s 127 run 2/5: nv=10 cost=1199.2 (159.9s)
4837.0s 128 run 3/5: nv=10 cost=1166.7 (168.9s)
5002.9s 129 run 4/5: nv=10 cost=1161.8 (166.0s)
5189.9s 130 run 5/5: nv=10 cost=1204.1 (186.9s)
5189.9s 131 → nv=10.0±0.0  td=1181.2±17.2  gap=+4.0%
5189.9s 132 
5189.9s 133 [RC105] ALNS
5284.1s 134 run 1/5: nv=15 cost=1567.7 (94.2s)
5384.9s 135 run 2/5: nv=15 cost=1579.4 (100.8s)
5469.1s 136 run 3/5: nv=15 cost=1617.4 (84.2s)
5575.8s 137 run 4/5: nv=14 cost=1575.8 (106.7s)
5668.4s 138 run 5/5: nv=15 cost=1605.8 (92.7s)
5668.4s 139 → nv=14.8±0.4  td=1589.2±19.0  gap=-2.5%
5668.4s 140 
5668.4s 141 [RC105] DQN
5670.1s 142 run 1/5: nv=38 cost=4113.1 (1.7s)
5671.7s 143 run 2/5: nv=40 cost=4086.2 (1.6s)
5673.3s 144 run 3/5: nv=38 cost=4245.3 (1.6s)
5674.8s 145 run 4/5: nv=37 cost=3955.1 (1.5s)
5676.4s 146 run 5/5: nv=41 cost=4222.4 (1.6s)
5676.4s 147 → nv=38.8±1.5  td=4124.4±104.4  gap=+153.1%
5676.4s 148 
5676.4s 149 [RC105] RL-ALNS
5856.6s 150 run 1/5: nv=14 cost=1580.2 (180.2s)
6036.1s 151 run 2/5: nv=14 cost=1590.3 (179.5s)
6231.1s 152 run 3/5: nv=15 cost=1570.1 (195.0s)
6390.7s 153 run 4/5: nv=14 cost=1625.2 (159.6s)
6575.2s 154 run 5/5: nv=14 cost=1632.2 (184.4s)
6575.2s 155 → nv=14.2±0.4  td=1599.6±24.7  gap=-1.8%
6575.2s 156 
6575.2s 157 [RC106] ALNS
6672.0s 158 run 1/5: nv=13 cost=1424.0 (96.9s)
6774.8s 159 run 2/5: nv=13 cost=1401.1 (102.7s)
6885.8s 160 run 3/5: nv=13 cost=1411.6 (111.0s)
7005.8s 161 run 4/5: nv=13 cost=1447.1 (120.0s)
7115.9s 162 run 5/5: nv=13 cost=1424.2 (110.2s)
7115.9s 163 → nv=13.0±0.0  td=1421.6±15.4  gap=-0.2%
7115.9s 164 
7115.9s 165 [RC106] DQN
7117.4s 166 run 1/5: nv=36 cost=3977.1 (1.5s)
7119.0s 167 run 2/5: nv=33 cost=3696.3 (1.6s)
7120.7s 168 run 3/5: nv=37 cost=4121.8 (1.7s)
7122.3s 169 run 4/5: nv=33 cost=3798.2 (1.5s)
7123.9s 170 run 5/5: nv=34 cost=3824.7 (1.6s)
7123.9s 171 → nv=34.6±1.6  td=3883.6±149.2  gap=+172.6%
7123.9s 172 
7123.9s 173 [RC106] RL-ALNS
7329.6s 174 run 1/5: nv=13 cost=1431.7 (205.7s)
7513.3s 175 run 2/5: nv=13 cost=1419.2 (183.7s)
7728.3s 176 run 3/5: nv=13 cost=1417.2 (214.9s)
7923.0s 177 run 4/5: nv=13 cost=1411.3 (194.8s)
8120.5s 178 run 5/5: nv=13 cost=1408.5 (197.5s)
8120.5s 179 → nv=13.0±0.0  td=1417.6±8.1  gap=-0.5%
8120.5s 180 
8120.5s 181 [RC107] ALNS
8214.3s 182 run 1/5: nv=12 cost=1305.7 (93.7s)
8316.1s 183 run 2/5: nv=12 cost=1289.1 (101.8s)
8409.3s 184 run 3/5: nv=12 cost=1268.7 (93.1s)
8508.9s 185 run 4/5: nv=12 cost=1303.8 (99.6s)
8603.3s 186 run 5/5: nv=12 cost=1291.4 (94.5s)
8603.3s 187 → nv=12.0±0.0  td=1291.7±13.2  gap=+5.0%
8603.3s 188 
8603.3s 189 [RC107] DQN
8604.9s 190 run 1/5: nv=31 cost=3998.6 (1.6s)
8606.5s 191 run 2/5: nv=33 cost=3908.9 (1.6s)
8608.1s 192 run 3/5: nv=31 cost=4052.3 (1.6s)
8609.6s 193 run 4/5: nv=29 cost=3856.8 (1.5s)
8611.2s 194 run 5/5: nv=34 cost=4047.2 (1.6s)
8611.2s 195 → nv=31.6±1.7  td=3972.8±77.5  gap=+222.9%
8611.2s 196 
8611.2s 197 [RC107] RL-ALNS
8813.6s 198 run 1/5: nv=12 cost=1262.7 (202.4s)
8994.8s 199 run 2/5: nv=12 cost=1286.7 (181.2s)
9202.5s 200 run 3/5: nv=12 cost=1280.4 (207.6s)
9395.6s 201 run 4/5: nv=12 cost=1261.8 (193.2s)
9585.2s 202 run 5/5: nv=12 cost=1298.5 (189.6s)
9585.2s 203 → nv=12.0±0.0  td=1278.0±14.1  gap=+3.9%
9585.2s 204 
9585.2s 205 [RC108] ALNS
9689.8s 206 run 1/5: nv=11 cost=1166.3 (104.6s)
9795.3s 207 run 2/5: nv=11 cost=1159.8 (105.5s)
9909.8s 208 run 3/5: nv=11 cost=1173.1 (114.5s)
10017.6s 209 run 4/5: nv=11 cost=1158.0 (107.8s)
10122.8s 210 run 5/5: nv=11 cost=1148.5 (105.2s)
10122.8s 211 → nv=11.0±0.0  td=1161.1±8.3  gap=+1.9%
10122.8s 212 
10122.8s 213 [RC108] DQN
10124.4s 214 run 1/5: nv=30 cost=4075.2 (1.6s)
10126.0s 215 run 2/5: nv=27 cost=3815.4 (1.5s)
10127.6s 216 run 3/5: nv=27 cost=3891.3 (1.6s)
10129.1s 217 run 4/5: nv=26 cost=3750.7 (1.5s)
10130.7s 218 run 5/5: nv=28 cost=3992.5 (1.6s)
10130.7s 219 → nv=27.6±1.4  td=3905.0±117.2  gap=+242.6%
10130.7s 220 
10130.7s 221 [RC108] RL-ALNS
10325.9s 222 run 1/5: nv=11 cost=1142.5 (195.2s)
10520.7s 223 run 2/5: nv=11 cost=1141.1 (194.7s)
10715.7s 224 run 3/5: nv=11 cost=1142.0 (195.0s)
10907.8s 225 run 4/5: nv=11 cost=1156.0 (192.2s)
11098.1s 226 run 5/5: nv=11 cost=1153.3 (190.3s)
11098.1s 227 → nv=11.0±0.0  td=1147.0±6.3  gap=+0.6%
11098.1s 228 
11098.1s 229 [RC201] ALNS
11188.0s 230 run 1/5: nv=4 cost=1473.8 (89.9s)
11277.0s 231 run 2/5: nv=4 cost=1468.1 (89.0s)
11360.9s 232 run 3/5: nv=4 cost=1513.6 (83.9s)
11452.2s 233 run 4/5: nv=4 cost=1486.4 (91.3s)
11540.2s 234 run 5/5: nv=4 cost=1489.2 (88.0s)
11540.2s 235 → nv=4.0±0.0  td=1486.2±15.8  gap=+5.6%
11540.2s 236 
11540.2s 237 [RC201] DQN
11541.7s 238 run 1/5: nv=25 cost=4315.0 (1.5s)
11543.2s 239 run 2/5: nv=21 cost=4503.5 (1.5s)
11544.8s 240 run 3/5: nv=25 cost=4522.0 (1.6s)
11546.2s 241 run 4/5: nv=23 cost=4169.0 (1.4s)
11548.0s 242 run 5/5: nv=26 cost=4552.9 (1.7s)
11548.0s 243 → nv=24.0±1.8  td=4412.5±147.5  gap=+213.6%
11548.0s 244 
11548.0s 245 [RC201] RL-ALNS
11733.4s 246 run 1/5: nv=4 cost=1538.1 (185.4s)
11895.6s 247 run 2/5: nv=4 cost=1498.4 (162.3s)
12102.4s 248 run 3/5: nv=4 cost=1487.4 (206.7s)
12262.7s 249 run 4/5: nv=4 cost=1496.1 (160.3s)
12426.9s 250 run 5/5: nv=4 cost=1500.6 (164.2s)
12426.9s 251 → nv=4.0±0.0  td=1504.1±17.6  gap=+6.9%
12426.9s 252 
12426.9s 253 [RC202] ALNS
12498.0s 254 run 1/5: nv=4 cost=1213.8 (71.2s)
12571.0s 255 run 2/5: nv=4 cost=1185.4 (73.0s)
12644.0s 256 run 3/5: nv=4 cost=1231.2 (73.0s)
12723.0s 257 run 4/5: nv=4 cost=1224.2 (79.0s)
12794.8s 258 run 5/5: nv=4 cost=1205.7 (71.8s)
12794.8s 259 → nv=4.0±0.0  td=1212.0±15.9  gap=-11.2%
12794.8s 260 
12794.8s 261 [RC202] DQN
12796.3s 262 run 1/5: nv=24 cost=4443.3 (1.5s)
12797.9s 263 run 2/5: nv=20 cost=4203.2 (1.6s)
12799.6s 264 run 3/5: nv=23 cost=4563.6 (1.7s)
12801.1s 265 run 4/5: nv=19 cost=4399.7 (1.5s)
12802.8s 266 run 5/5: nv=21 cost=4482.3 (1.6s)
12802.8s 267 → nv=21.4±1.9  td=4418.4±120.4  gap=+223.5%
12802.8s 268 
12802.8s 269 [RC202] RL-ALNS
12957.6s 270 run 1/5: nv=4 cost=1204.6 (154.8s)
13127.4s 271 run 2/5: nv=4 cost=1209.7 (169.9s)
13314.1s 272 run 3/5: nv=4 cost=1230.3 (186.6s)
13491.1s 273 run 4/5: nv=4 cost=1259.2 (177.1s)
13662.9s 274 run 5/5: nv=4 cost=1205.2 (171.7s)
13662.9s 275 → nv=4.0±0.0  td=1221.8±20.9  gap=-10.5%
13662.9s 276 
13662.9s 277 [RC203] ALNS
13722.9s 278 run 1/5: nv=3 cost=1131.7 (60.0s)
13783.4s 279 run 2/5: nv=3 cost=1119.3 (60.5s)
13847.0s 280 run 3/5: nv=3 cost=1118.2 (63.6s)
13908.2s 281 run 4/5: nv=3 cost=1106.7 (61.2s)
13980.2s 282 run 5/5: nv=3 cost=1135.8 (72.0s)
13980.2s 283 → nv=3.0±0.0  td=1122.3±10.4  gap=+6.9%
13980.2s 284 
13980.2s 285 [RC203] DQN
13981.9s 286 run 1/5: nv=19 cost=4342.2 (1.7s)
13983.6s 287 run 2/5: nv=20 cost=4253.2 (1.7s)
13985.4s 288 run 3/5: nv=17 cost=4446.6 (1.8s)
13986.9s 289 run 4/5: nv=16 cost=4168.2 (1.6s)
13988.6s 290 run 5/5: nv=16 cost=4152.7 (1.6s)
13988.6s 291 → nv=17.6±1.6  td=4272.6±110.3  gap=+307.1%
13988.6s 292 
13988.6s 293 [RC203] RL-ALNS
14117.2s 294 run 1/5: nv=3 cost=1115.9 (128.6s)
14260.1s 295 run 2/5: nv=3 cost=1098.7 (142.9s)
14415.2s 296 run 3/5: nv=3 cost=1092.3 (155.1s)
14568.1s 297 run 4/5: nv=3 cost=1081.4 (152.8s)
14711.0s 298 run 5/5: nv=3 cost=1157.5 (142.9s)
14711.0s 299 → nv=3.0±0.0  td=1109.2±26.6  gap=+5.7%
14711.0s 300 
14711.0s 301 [RC204] ALNS
14757.1s 302 run 1/5: nv=3 cost=824.3 (46.1s)
14803.8s 303 run 2/5: nv=3 cost=850.9 (46.7s)
14849.0s 304 run 3/5: nv=3 cost=845.3 (45.2s)
14893.6s 305 run 4/5: nv=3 cost=843.1 (44.6s)
14938.9s 306 run 5/5: nv=3 cost=835.4 (45.3s)
14938.9s 307 → nv=3.0±0.0  td=839.8±9.2  gap=+5.2%
14938.9s 308 
14938.9s 309 [RC204] DQN
14940.5s 310 run 1/5: nv=11 cost=4145.7 (1.6s)
14942.1s 311 run 2/5: nv=12 cost=4184.5 (1.6s)
14943.9s 312 run 3/5: nv=17 cost=4484.2 (1.8s)
14945.4s 313 run 4/5: nv=11 cost=4079.8 (1.5s)
14947.2s 314 run 5/5: nv=13 cost=4386.7 (1.7s)
14947.2s 315 → nv=12.8±2.2  td=4256.2±153.3  gap=+433.0%
14947.2s 316 
14947.2s 317 [RC204] RL-ALNS
15039.5s 318 run 1/5: nv=3 cost=803.6 (92.3s)
15143.3s 319 run 2/5: nv=3 cost=839.6 (103.9s)
15258.4s 320 run 3/5: nv=3 cost=820.3 (115.1s)
15358.6s 321 run 4/5: nv=3 cost=840.8 (100.2s)
15466.6s 322 run 5/5: nv=3 cost=831.7 (108.0s)
15466.6s 323 → nv=3.0±0.0  td=827.2±13.9  gap=+3.6%
15466.6s 324 
15466.6s 325 [RC205] ALNS
15537.3s 326 run 1/5: nv=5 cost=1297.0 (70.7s)
15616.0s 327 run 2/5: nv=4 cost=1454.6 (78.6s)
15694.1s 328 run 3/5: nv=4 cost=1398.4 (78.2s)
15770.6s 329 run 4/5: nv=4 cost=1392.4 (76.5s)
15848.5s 330 run 5/5: nv=4 cost=1374.7 (77.9s)
15848.5s 331 → nv=4.2±0.4  td=1383.4±50.8  gap=+6.6%
15848.5s 332 
15848.5s 333 [RC205] DQN
15849.9s 334 run 1/5: nv=20 cost=4226.4 (1.5s)
15851.6s 335 run 2/5: nv=25 cost=4446.6 (1.6s)
15853.3s 336 run 3/5: nv=25 cost=4460.8 (1.7s)
15854.8s 337 run 4/5: nv=18 cost=4005.9 (1.5s)
15856.4s 338 run 5/5: nv=22 cost=4408.5 (1.6s)
15856.4s 339 → nv=22.0±2.8  td=4309.6±173.5  gap=+232.1%
15856.4s 340 
15856.4s 341 [RC205] RL-ALNS
16023.2s 342 run 1/5: nv=4 cost=1376.3 (166.7s)
16146.0s 343 run 2/5: nv=4 cost=1375.3 (122.8s)
16334.2s 344 run 3/5: nv=4 cost=1361.6 (188.2s)
16483.5s 345 run 4/5: nv=4 cost=1374.6 (149.3s)
16627.7s 346 run 5/5: nv=4 cost=1382.9 (144.1s)
16627.7s 347 → nv=4.0±0.0  td=1374.1±6.9  gap=+5.9%
16627.7s 348 
16627.7s 349 [RC206] ALNS
16699.0s 350 run 1/5: nv=4 cost=1092.7 (71.4s)
16770.7s 351 run 2/5: nv=4 cost=1108.7 (71.6s)
16842.5s 352 run 3/5: nv=4 cost=1132.0 (71.8s)
16933.3s 353 run 4/5: nv=3 cost=1179.9 (90.8s)
17010.9s 354 run 5/5: nv=4 cost=1123.5 (77.7s)
17010.9s 355 → nv=3.8±0.4  td=1127.3±29.5  gap=-1.7%
17010.9s 356 
17010.9s 357 [RC206] DQN
17012.4s 358 run 1/5: nv=17 cost=4294.3 (1.5s)
17014.1s 359 run 2/5: nv=21 cost=4404.7 (1.6s)
17015.7s 360 run 3/5: nv=16 cost=4308.6 (1.6s)
17017.2s 361 run 4/5: nv=14 cost=4000.3 (1.4s)
17018.8s 362 run 5/5: nv=26 cost=4497.1 (1.7s)
17018.8s 363 → nv=18.8±4.3  td=4301.0±167.2  gap=+275.2%
17018.8s 364 
17018.8s 365 [RC206] RL-ALNS
17192.0s 366 run 1/5: nv=3 cost=1207.8 (173.1s)
17350.3s 367 run 2/5: nv=4 cost=1101.0 (158.3s)
17537.0s 368 run 3/5: nv=3 cost=1196.8 (186.7s)
17685.7s 369 run 4/5: nv=3 cost=1204.6 (148.8s)
17861.2s 370 run 5/5: nv=4 cost=1103.9 (175.5s)
17861.2s 371 → nv=3.4±0.5  td=1162.8±49.5  gap=+1.4%
17861.2s 372 
17861.2s 373 [RC207] ALNS
17932.2s 374 run 1/5: nv=3 cost=1126.1 (71.0s)
18001.5s 375 run 2/5: nv=3 cost=1101.1 (69.2s)
18079.5s 376 run 3/5: nv=3 cost=1206.2 (78.0s)
18143.7s 377 run 4/5: nv=4 cost=1066.7 (64.2s)
18204.7s 378 run 5/5: nv=4 cost=1030.4 (61.1s)
18204.7s 379 → nv=3.4±0.5  td=1106.1±59.6  gap=+4.2%
18204.7s 380 
18204.7s 381 [RC207] DQN
18206.3s 382 run 1/5: nv=15 cost=4283.8 (1.6s)
18207.9s 383 run 2/5: nv=17 cost=4244.9 (1.6s)
18209.5s 384 run 3/5: nv=14 cost=4350.7 (1.7s)
18211.1s 385 run 4/5: nv=13 cost=4230.1 (1.5s)
18212.6s 386 run 5/5: nv=25 cost=4318.9 (1.6s)
18212.6s 387 → nv=16.8±4.3  td=4285.7±44.9  gap=+303.9%
18212.6s 388 
18212.6s 389 [RC207] RL-ALNS
18366.1s 390 run 1/5: nv=4 cost=1033.1 (153.5s)
18460.9s 391 run 2/5: nv=4 cost=1040.0 (94.7s)
18630.6s 392 run 3/5: nv=3 cost=1179.5 (169.8s)
18781.3s 393 run 4/5: nv=3 cost=1114.9 (150.7s)
18922.4s 394 run 5/5: nv=3 cost=1194.1 (141.1s)
18922.4s 395 → nv=3.4±0.5  td=1112.3±67.4  gap=+4.8%
18922.4s 396 
18922.4s 397 [RC208] ALNS
18993.7s 398 run 1/5: nv=3 cost=897.4 (71.3s)
19065.1s 399 run 2/5: nv=3 cost=835.0 (71.4s)
19135.8s 400 run 3/5: nv=3 cost=888.9 (70.6s)
19207.8s 401 run 4/5: nv=3 cost=898.3 (72.1s)
19282.3s 402 run 5/5: nv=3 cost=875.2 (74.5s)
19282.3s 403 → nv=3.0±0.0  td=879.0±23.5  gap=+6.1%
19282.3s 404 
19282.3s 405 [RC208] DQN
19283.9s 406 run 1/5: nv=13 cost=4143.1 (1.6s)
19285.5s 407 run 2/5: nv=9 cost=4202.0 (1.6s)
19287.3s 408 run 3/5: nv=12 cost=4227.9 (1.7s)
19288.8s 409 run 4/5: nv=12 cost=4403.4 (1.6s)
19290.4s 410 run 5/5: nv=10 cost=4330.5 (1.6s)
19290.4s 411 → nv=11.2±1.5  td=4261.4±93.4  gap=+414.6%
19290.4s 412 
19290.4s 413 [RC208] RL-ALNS
19448.7s 414 run 1/5: nv=3 cost=895.4 (158.3s)
19594.8s 415 run 2/5: nv=3 cost=891.5 (146.0s)
19750.5s 416 run 3/5: nv=3 cost=892.6 (155.7s)
19897.1s 417 run 4/5: nv=3 cost=846.5 (146.6s)
20048.6s 418 run 5/5: nv=3 cost=870.3 (151.7s)
20048.6s 419 → nv=3.0±0.0  td=879.3±18.7  gap=+6.2%
20048.6s 420 
20048.6s 421 ─────────────────────────────────────────────────────────────────────────────────
20048.6s 422 DS  Algorithm       NV   ±  vs BKS       TD     ±   Gap% CV_NV CV_TD   OT%   Time
20048.6s 423 ─────────────────────────────────────────────────────────────────────────────────
20048.6s 424 RC1 ALNS          12.7 0.2    +1.2   1401.6  17.7  +1.6%   1.5   1.2 100.0  93.0s
20048.6s 425 RC1 DQN           34.5 2.0   +23.1   4069.4 127.3+199.8%   5.6   3.1 100.0   1.6s
20048.6s 426 RC1 RL-ALNS       12.6 0.2    +1.1   1393.2  16.2  +0.9%   1.5   1.1 100.0 178.5s
20048.6s 427 ─────────────────────────────────────────────────────────────────────────────────
20048.6s 428 RC2 ALNS           3.5 0.2    +0.3   1144.5  26.8  +2.7%   4.3   2.3 100.0  70.6s
20048.6s 429 RC2 DQN           18.1 2.5   +14.8   4314.7 126.3+300.4%  14.6   2.9 100.0   1.6s
20048.6s 430 RC2 RL-ALNS        3.5 0.1    +0.2   1148.9  27.7  +3.0%   3.6   2.5 100.0 151.6s
20048.6s 431 ─────────────────────────────────────────────────────────────────────────────────
20048.6s 432 CV = Coefficient of Variation (std/mean × 100%) — lower is more consistent.
20048.6s 433 Negative Gap% with NV_diff>0: extra vehicle allows shorter total routes.
20048.8s 434 📚 Training transfer model...
20048.8s 435 Training on RC101...
20239.6s 436 nv=15, gap=+0.2%
20239.6s 437 Training on RC102...
20427.5s 438 nv=14, gap=-3.9%
20427.5s 439 Training on RC103...
20608.6s 440 nv=12, gap=+5.5%
20608.6s 441 Training on RC104...
20775.9s 442 nv=10, gap=+2.8%
20775.9s 443 Training on RC105...
20966.6s 444 nv=15, gap=-2.7%
20966.6s 445 Training on RC106...
21163.4s 446 nv=13, gap=-1.6%
21163.4s 447 Training on RC107...
21349.3s 448 nv=12, gap=+2.0%
21349.3s 449 Training on RC108...
21537.5s 450 nv=11, gap=+1.0%
21537.5s 451 
21537.5s 452 ✅ Transfer model saved → /kaggle/working/models/rl_alns_transfer.safetensors
21537.5s 453 Total: 8 combos × 5 runs
21537.5s 454 ============================================================
21537.5s 455 
21537.5s 456 [RC201] RL-ALNS★
21705.8s 457 run 1/5: nv=5 cost=1386.0 (168.2s)
21878.2s 458 run 2/5: nv=4 cost=1459.5 (172.4s)
22048.1s 459 run 3/5: nv=5 cost=1340.2 (169.9s)
22221.9s 460 run 4/5: nv=4 cost=1522.9 (173.9s)
22395.6s 461 run 5/5: nv=5 cost=1363.6 (173.6s)
22395.6s 462 → nv=4.6±0.5  td=1414.4±67.4  gap=+0.5%
22395.6s 463 
22395.6s 464 [RC202] RL-ALNS★
22541.6s 465 run 1/5: nv=4 cost=1278.2 (146.0s)
22690.0s 466 run 2/5: nv=4 cost=1241.2 (148.4s)
22837.6s 467 run 3/5: nv=4 cost=1181.3 (147.6s)
22984.5s 468 run 4/5: nv=4 cost=1196.9 (146.9s)
23131.2s 469 run 5/5: nv=4 cost=1255.3 (146.8s)
23131.2s 470 → nv=4.0±0.0  td=1230.6±36.2  gap=-9.9%
23131.2s 471 
23131.2s 472 [RC203] RL-ALNS★
23255.8s 473 run 1/5: nv=4 cost=1026.8 (124.6s)
23385.4s 474 run 2/5: nv=4 cost=982.3 (129.6s)
23512.9s 475 run 3/5: nv=4 cost=998.9 (127.4s)
23636.8s 476 run 4/5: nv=4 cost=1106.7 (123.9s)
23772.8s 477 run 5/5: nv=3 cost=1105.8 (136.0s)
23772.8s 478 → nv=3.8±0.4  td=1044.1±52.7  gap=-0.5%
23772.8s 479 
23772.8s 480 [RC204] RL-ALNS★
23858.8s 481 run 1/5: nv=5 cost=807.9 (86.1s)
23959.1s 482 run 2/5: nv=3 cost=880.5 (100.3s)
24063.3s 483 run 3/5: nv=3 cost=848.7 (104.2s)
24152.7s 484 run 4/5: nv=3 cost=831.5 (89.4s)
24258.8s 485 run 5/5: nv=3 cost=864.7 (106.1s)
24258.8s 486 → nv=3.4±0.8  td=846.6±25.3  gap=+6.0%
24258.8s 487 
24258.8s 488 [RC205] RL-ALNS★
24422.8s 489 run 1/5: nv=4 cost=1351.3 (163.9s)
24578.0s 490 run 2/5: nv=5 cost=1275.0 (155.2s)
24731.6s 491 run 3/5: nv=5 cost=1287.1 (153.6s)
24885.5s 492 run 4/5: nv=5 cost=1272.2 (153.9s)
25037.7s 493 run 5/5: nv=5 cost=1268.4 (152.2s)
25037.7s 494 → nv=4.8±0.4  td=1290.8±30.9  gap=-0.5%
25037.7s 495 
25037.7s 496 [RC206] RL-ALNS★
25196.9s 497 run 1/5: nv=4 cost=1118.1 (159.2s)
25348.8s 498 run 2/5: nv=4 cost=1167.1 (151.9s)
25507.7s 499 run 3/5: nv=4 cost=1156.0 (158.9s)
25668.8s 500 run 4/5: nv=4 cost=1132.0 (161.1s)
25825.3s 501 run 5/5: nv=4 cost=1103.6 (156.5s)
25825.3s 502 → nv=4.0±0.0  td=1135.4±23.5  gap=-1.0%
25825.3s 503 
25825.3s 504 [RC207] RL-ALNS★
25965.9s 505 run 1/5: nv=4 cost=1075.4 (140.6s)
26100.2s 506 run 2/5: nv=4 cost=1034.9 (134.3s)
26235.5s 507 run 3/5: nv=4 cost=1042.0 (135.4s)
26371.9s 508 run 4/5: nv=4 cost=1042.5 (136.4s)
26502.0s 509 run 5/5: nv=7 cost=980.9 (130.1s)
26502.0s 510 → nv=4.6±1.2  td=1035.1±30.5  gap=-2.5%
26502.0s 511 
26502.0s 512 [RC208] RL-ALNS★
26624.8s 513 run 1/5: nv=3 cost=872.2 (122.8s)
26746.1s 514 run 2/5: nv=3 cost=862.3 (121.3s)
26871.8s 515 run 3/5: nv=3 cost=905.2 (125.6s)
27005.8s 516 run 4/5: nv=3 cost=877.3 (134.0s)
27150.7s 517 run 5/5: nv=3 cost=881.4 (145.1s)
27150.7s 518 → nv=3.0±0.0  td=879.7±14.2  gap=+6.2%
27150.7s 519 
27150.7s 520 ─────────────────────────────────────────────────────────────────────────────────
27150.7s 521 DS  Algorithm       NV   ±  vs BKS       TD     ±   Gap% CV_NV CV_TD   OT%   Time
27150.7s 522 ─────────────────────────────────────────────────────────────────────────────────
27150.7s 523 RC2 ALNS           3.5 0.2    +0.3   1144.5  26.8  +2.7%   4.3   2.3 100.0  70.6s
27150.7s 524 RC2 DQN           18.1 2.5   +14.8   4314.7 126.3+300.4%  14.6   2.9 100.0   1.6s
27150.7s 525 RC2 RL-ALNS        3.5 0.1    +0.2   1148.9  27.7  +3.0%   3.6   2.5 100.0 151.6s
27150.7s 526 RC2 RL-ALNS★       4.0 0.4    +0.8   1109.6  35.1  -0.2%   9.9   3.1 100.0 140.3s
27150.7s 527 ─────────────────────────────────────────────────────────────────────────────────
27150.7s 528 CV = Coefficient of Variation (std/mean × 100%) — lower is more consistent.
27150.7s 529 Negative Gap% with NV_diff>0: extra vehicle allows shorter total routes.
27150.9s 530 ============================================================
27150.9s 531 FULL RESULTS TABLE
27150.9s 532 
27150.9s 533 ─────────────────────────────────────────────────────────────────────────────────
27150.9s 534 DS  Algorithm       NV   ±  vs BKS       TD     ±   Gap% CV_NV CV_TD   OT%   Time
27150.9s 535 ─────────────────────────────────────────────────────────────────────────────────
27150.9s 536 RC1 ALNS          12.7 0.2    +1.2   1401.6  17.7  +1.6%   1.5   1.2 100.0  93.0s
27150.9s 537 RC1 DQN           34.5 2.0   +23.1   4069.4 127.3+199.8%   5.6   3.1 100.0   1.6s
27150.9s 538 RC1 RL-ALNS       12.6 0.2    +1.1   1393.2  16.2  +0.9%   1.5   1.1 100.0 178.5s
27150.9s 539 ─────────────────────────────────────────────────────────────────────────────────
27150.9s 540 RC2 ALNS           3.5 0.2    +0.3   1144.5  26.8  +2.7%   4.3   2.3 100.0  70.6s
27150.9s 541 RC2 DQN           18.1 2.5   +14.8   4314.7 126.3+300.4%  14.6   2.9 100.0   1.6s
27150.9s 542 RC2 RL-ALNS        3.5 0.1    +0.2   1148.9  27.7  +3.0%   3.6   2.5 100.0 151.6s
27150.9s 543 RC2 RL-ALNS★       4.0 0.4    +0.8   1109.6  35.1  -0.2%   9.9   3.1 100.0 140.3s
27150.9s 544 ─────────────────────────────────────────────────────────────────────────────────
27150.9s 545 CV = Coefficient of Variation (std/mean × 100%) — lower is more consistent.
27150.9s 546 Negative Gap% with NV_diff>0: extra vehicle allows shorter total routes.
27150.9s 547 
27150.9s 548 ============================================================
27150.9s 549 STATISTICAL TESTS
27150.9s 550 
27150.9s 551 ── Statistical Significance (Wilcoxon signed-rank, two-sided) ──
27150.9s 552 Comparison                  DatasetMetric    W-stat  p-value  Sig      Better
27150.9s 553 ──────────────────────────────────────────────────────────────────────
27150.9s 554 RL-ALNS vs ALNS      RC1   Gap%         4.0   0.0547    —     RL-ALNS
27150.9s 555 RL-ALNS vs ALNS      RC1   NV_mean      0.0   0.5000    —     RL-ALNS
27150.9s 556 RL-ALNS vs ALNS      RC2   Gap%        15.0   0.7422    —        ALNS
27150.9s 557 RL-ALNS vs ALNS      RC2   NV_mean      0.0   0.5000    —     RL-ALNS
27150.9s 558 RL-ALNS★ vs ALNS      RC2   Gap%        10.0   0.3125    —    RL-ALNS★
27151.0s 559 RL-ALNS★ vs ALNS      RC2   NV_mean      0.0   0.0312    ✅        ALNS
27151.0s 560 ──────────────────────────────────────────────────────────────────────
27151.0s 561 ✅ = p < 0.05 (statistically significant difference)
27151.0s 562 
27151.0s 563 ============================================================
27151.0s 564 DASHBOARD
27153.7s 565 
27153.7s 566 ============================================================
27153.7s 567 TRANSFER: RL-ALNS★ vs ALNS on RC2
27153.9s 568 
27153.9s 569 ── RC1 per-instance detail ──
27153.9s 570 Gap%                 NV_cv               NV_mean                TD_mean
27153.9s 571 Algorithm  ALNS     DQN RL-ALNS  ALNS   DQN RL-ALNS    ALNS   DQN RL-ALNS     ALNS      DQN  RL-ALNS
27153.9s 572 Instance
27153.9s 573 RC101     -0.30  150.14   -0.66  3.18  9.64    2.63    15.4  44.2    15.2  1691.87  4244.72  1685.77
27153.9s 574 RC102     -2.09  171.87   -2.10  2.90  7.09    2.90    13.8  37.4    13.8  1522.32  4226.90  1522.11
27153.9s 575 RC103      6.37  227.70    4.20  3.39  5.67    3.39    11.8  34.2    11.8  1341.98  4134.55  1314.64
27153.9s 576 RC104      5.04  257.84    4.03  0.00  3.19    0.00    10.0  28.0    10.0  1192.75  4063.22  1181.22
27153.9s 577 RC105     -2.47  153.12   -1.83  2.70  3.79    2.82    14.8  38.8    14.2  1589.19  4124.43  1599.62
27153.9s 578 RC106     -0.22  172.59   -0.50  0.00  4.70    0.00    13.0  34.6    13.0  1421.60  3883.63  1417.59
27153.9s 579 RC107      4.98  222.86    3.86  0.00  5.52    0.00    12.0  31.6    12.0  1291.75  3972.76  1278.02
27153.9s 580 RC108      1.87  242.60    0.63  0.00  4.91    0.00    11.0  27.6    11.0  1161.12  3905.02  1146.96
27153.9s 581 
27153.9s 582 ── RC2 per-instance detail ──
27153.9s 583 Gap%                           NV_cv                         NV_mean                         TD_mean
27153.9s 584 Algorithm   ALNS     DQN RL-ALNS RL-ALNS★   ALNS    DQN RL-ALNS RL-ALNS★    ALNS   DQN RL-ALNS RL-ALNS★     ALNS      DQN  RL-ALNS RL-ALNS★
27153.9s 585 Instance
27153.9s 586 RC201       5.63  213.62    6.91     0.53   0.00   7.45    0.00    10.65     4.0  24.0     4.0      4.6  1486.21  4412.48  1504.11  1414.42
27153.9s 587 RC202     -11.25  223.54  -10.53    -9.89   0.00   8.67    0.00     0.00     4.0  21.4     4.0      4.0  1212.05  4418.42  1221.79  1230.58
27153.9s 588 RC203       6.93  307.06    5.67    -0.53   0.00   9.23    0.00    10.53     3.0  17.6     3.0      3.8  1122.35  4272.58  1109.18  1044.09
27153.9s 589 RC204       5.18  433.05    3.60     6.04   0.00  17.40    0.00    23.53     3.0  12.8     3.0      3.4   839.80  4256.18   827.20   846.65
27153.9s 590 RC205       6.61  232.11    5.90    -0.53   9.52  12.53    0.00     8.33     4.2  22.0     4.0      4.8  1383.43  4309.63  1374.15  1290.78
27153.9s 591 RC206      -1.66  275.20    1.44    -0.96  10.53  22.67   14.41     0.00     3.8  18.8     3.4      4.0  1127.33  4301.00  1162.83  1135.37
27153.9s 592 RC207       4.24  303.87    4.82    -2.45  14.41  25.64   14.41    26.09     3.4  16.8     3.4      4.6  1106.11  4285.67  1112.32  1035.11
27153.9s 593 RC208       6.14  414.57    6.17     6.23   0.00  13.12    0.00     0.00     3.0  11.2     3.0      3.0   878.97  4261.38   879.26   879.70
27455.6s 594 /usr/local/lib/python3.12/dist-packages/mistune.py:435: SyntaxWarning: invalid escape sequence '\|'
27455.6s 595 cells[i][c] = re.sub('\\\\\|', '|', cell)
27455.8s 596 /usr/local/lib/python3.12/dist-packages/nbconvert/filters/filter_links.py:36: SyntaxWarning: invalid escape sequence '\_'
27455.8s 597 text = re.sub(r'_', '\_', text) # Escape underscores in display text
27456.5s 598 [NbConvertApp] Converting notebook __notebook__.ipynb to notebook
27456.9s 599 [NbConvertApp] Writing 968724 bytes to __notebook__.ipynb
27459.8s 600 [NbConvertApp] Converting notebook __notebook__.ipynb to html
27461.1s 601 [NbConvertApp] Support files will be in __results___files/
27461.1s 602 [NbConvertApp] Making directory __results___files
27461.1s 603 [NbConvertApp] Making directory __results___files
27461.1s 604 [NbConvertApp] Making directory __results___files
27461.1s 605 [NbConvertApp] Making directory __results___files
27461.1s 606 [NbConvertApp] Making directory __results___files
27461.1s 607 [NbConvertApp] Writing 632841 bytes to __results__.html
