12.0s 1 0.00s - Debugger warning: It seems that frozen modules are being used, which may
12.0s 2 0.00s - make the debugger miss breakpoints. Please pass -Xfrozen_modules=off
12.0s 3 0.00s - to python to disable frozen modules.
12.0s 4 0.00s - Note: Debugging will proceed. Set PYDEVD_DISABLE_FILE_VALIDATION=1 to disable this validation.
12.8s 5 0.00s - Debugger warning: It seems that frozen modules are being used, which may
12.8s 6 0.00s - make the debugger miss breakpoints. Please pass -Xfrozen_modules=off
12.8s 7 0.00s - to python to disable frozen modules.
12.8s 8 0.00s - Note: Debugging will proceed. Set PYDEVD_DISABLE_FILE_VALIDATION=1 to disable this validation.
31.1s 9 Device : cuda
31.1s 10 PyTorch: 2.10.0+cu128
31.1s 11 Running on : Kaggle
31.1s 12 Data path  : /kaggle/input/datasets/senju14/vrptw-benchmark-datasets/data/Solomon
31.1s 13 Results    : /kaggle/working/results.csv
31.1s 14 Config ready.
31.3s 15 RC1: 8 instances
31.3s 16 RC2: 8 instances
31.3s 17 Sample: RC101 | n=100
31.4s 18 Solution ready.
31.4s 19 Operators: 4 destroy × 3 repair = 12 combos
31.5s 20 Helpers ready.
31.5s 21 Networks ready.
31.5s 22 StandardALNS ready.
31.5s 23 DQNSolver ready.
31.6s 24 RLALNSSolver ready.
31.6s 25 Smoke test — RC101, 500 iters
94.4s 26 ALNS         nv=16  cost=1724.5  feasible=True
106.3s 27 DQN          nv=64  cost=5308.5  feasible=True
166.4s 28 DQN-ALNS     nv=16  cost=1689.1  feasible=True
209.9s 29 D2QN-ALNS    nv=16  cost=1754.8  feasible=True
209.9s 30 
209.9s 31 ✓ Smoke test passed
210.1s 32 Total combos: 64 | Done: 0 | Remaining: 64
210.1s 33 ============================================================
210.1s 34 
210.1s 35 [RC101] ALNS
3870.0s 36 run 1/1: nv=15 cost=1644.8 (3659.9s)
3870.0s 37 → nv=15.0 td=1644.8 gap=-3.07% ✓
3870.0s 38 
3870.0s 39 [RC101] DQN
3880.2s 40 run 1/1: nv=35 cost=3208.9 (10.1s)
3880.2s 41 → nv=35.0 td=3208.9 gap=89.1% ✓
3880.2s 42 
3880.2s 43 [RC101] DQN-ALNS
5594.2s 44 run 1/1: nv=15 cost=1698.1 (1713.9s)
5594.2s 45 → nv=15.0 td=1698.1 gap=0.07% ✓
5594.2s 46 
5594.2s 47 [RC101] D2QN-ALNS
7089.2s 48 run 1/1: nv=15 cost=1687.9 (1495.0s)
7089.2s 49 → nv=15.0 td=1687.9 gap=-0.53% ✓
7089.2s 50 
7089.2s 51 [RC102] ALNS
10700.4s 52 run 1/1: nv=13 cost=1487.0 (3611.2s)
10700.4s 53 → nv=13.0 td=1487.0 gap=-4.36% ✓
10700.4s 54 
10700.4s 55 [RC102] DQN
10710.5s 56 run 1/1: nv=34 cost=3217.6 (10.1s)
10710.5s 57 → nv=34.0 td=3217.6 gap=106.95% ✓
10710.5s 58 
10710.5s 59 [RC102] DQN-ALNS
14787.1s 60 run 1/1: nv=13 cost=1486.0 (4076.5s)
14787.1s 61 → nv=13.0 td=1486.0 gap=-4.42% ✓
14787.1s 62 
14787.1s 63 [RC102] D2QN-ALNS
18804.6s 64 run 1/1: nv=13 cost=1477.5 (4017.6s)
18804.6s 65 → nv=13.0 td=1477.5 gap=-4.97% ✓
18804.6s 66 
18804.6s 67 [RC103] ALNS
22570.7s 68 run 1/1: nv=11 cost=1278.7 (3766.1s)
22570.7s 69 → nv=11.0 td=1278.7 gap=1.35% ✓
22570.7s 70 
22570.7s 71 [RC103] DQN
22584.3s 72 run 1/1: nv=31 cost=3133.9 (13.5s)
22584.3s 73 → nv=31.0 td=3133.9 gap=148.4% ✓
22584.3s 74 
22584.3s 75 [RC103] DQN-ALNS
26528.0s 76 run 1/1: nv=12 cost=1297.3 (3943.7s)
26528.0s 77 → nv=12.0 td=1297.3 gap=2.83% ✓
26528.0s 78 
26528.0s 79 [RC103] D2QN-ALNS
30402.4s 80 run 1/1: nv=11 cost=1292.8 (3874.3s)
30402.4s 81 → nv=11.0 td=1292.8 gap=2.47% ✓
30402.4s 82 
30402.4s 83 [RC104] ALNS
33680.0s 84 run 1/1: nv=10 cost=1141.3 (3277.6s)
33680.0s 85 → nv=10.0 td=1141.3 gap=0.51% ✓
33680.0s 86 
33680.0s 87 [RC104] DQN
33696.2s 88 run 1/1: nv=40 cost=3586.7 (16.2s)
33696.2s 89 → nv=40.0 td=3586.7 gap=215.88% ✓
33696.2s 90 
33696.2s 91 [RC104] DQN-ALNS
37386.5s 92 run 1/1: nv=10 cost=1171.1 (3690.3s)
37386.5s 93 → nv=10.0 td=1171.1 gap=3.14% ✓
37386.5s 94 
37386.5s 95 [RC104] D2QN-ALNS
40968.5s 96 run 1/1: nv=10 cost=1144.2 (3582.0s)
40968.5s 97 → nv=10.0 td=1144.2 gap=0.77% ✓
40968.5s 98 
40968.5s 99 [RC105] ALNS