7.3s 1 0.00s - Debugger warning: It seems that frozen modules are being used, which may
7.3s 2 0.00s - make the debugger miss breakpoints. Please pass -Xfrozen_modules=off
7.3s 3 0.00s - to python to disable frozen modules.
7.3s 4 0.00s - Note: Debugging will proceed. Set PYDEVD_DISABLE_FILE_VALIDATION=1 to disable this validation.
8.0s 5 0.00s - Debugger warning: It seems that frozen modules are being used, which may
8.0s 6 0.00s - make the debugger miss breakpoints. Please pass -Xfrozen_modules=off
8.0s 7 0.00s - to python to disable frozen modules.
8.0s 8 0.00s - Note: Debugging will proceed. Set PYDEVD_DISABLE_FILE_VALIDATION=1 to disable this validation.
22.3s 9 ✅ Device : cuda
22.3s 10 ✅ PyTorch: 2.10.0+cu128
22.3s 11 ✅ Config ready.
22.5s 12 Loading...
22.5s 13 RC1: 8 instances
22.5s 14 RC2: 8 instances
22.5s 15 ✅ RC101: n=100, tight_TW=100%
22.6s 16 ✅ Solution model ready.
22.6s 17 ✅ Operators: 5D × 4R = 20 combos
22.6s 18 ✅ Helpers ready.
22.7s 19 ✅ Networks ready.
22.7s 20 ✅ ALNS ready.
22.7s 21 ✅ DQN solver ready.
22.8s 22 ✅ RL-ALNS ready.
22.8s 23 ✅ Benchmark runner ready.
22.8s 24 ✅ Transfer learning pipeline ready.
22.9s 25 ✅ Stats & table utilities ready.
22.9s 26 ✅ Visualisation ready.
22.9s 27 Smoke test — RC101
22.9s 28 
51.6s 29 ALNS         nv= 16  cost=  1733.6  BKS TD +2.2% NV +2  (28.5s)
60.1s 30 DQN          nv= 45  cost=  4222.0  BKS TD +148.8% NV +31  (8.4s)
109.1s 31 RL-ALNS      nv= 16  cost=  1709.4  BKS TD +0.7% NV +2  (49.1s)
109.1s 32 
109.1s 33 ✓ Smoke test passed
184.8s 34 Total: 48 combos × 5 runs
184.8s 35 ============================================================
184.8s 36 
184.8s 37 [RC101] ALNS
275.0s 38 run 1/5: nv=15 cost=1739.5 (90.3s)
369.5s 39 run 2/5: nv=15 cost=1641.3 (94.5s)
465.6s 40 run 3/5: nv=16 cost=1682.8 (96.2s)
579.1s 41 run 4/5: nv=16 cost=1674.5 (113.5s)
681.5s 42 run 5/5: nv=15 cost=1721.2 (102.5s)
681.5s 43 → nv=15.4±0.5  td=1691.9±34.8  gap=-0.3%
681.5s 44 
681.5s 45 [RC101] DQN
683.2s 46 run 1/5: nv=42 cost=4156.5 (1.7s)
684.8s 47 run 2/5: nv=42 cost=4137.2 (1.6s)
686.7s 48 run 3/5: nv=47 cost=4345.0 (1.9s)
688.4s 49 run 4/5: nv=39 cost=4025.2 (1.6s)
690.2s 50 run 5/5: nv=51 cost=4559.7 (1.8s)
690.2s 51 → nv=44.2±4.3  td=4244.7±188.1  gap=+150.1%
690.2s 52 
690.2s 53 [RC101] RL-ALNS
886.6s 54 run 1/5: nv=15 cost=1700.4 (196.4s)
1065.9s 55 run 2/5: nv=15 cost=1675.8 (179.3s)
1265.5s 56 run 3/5: nv=15 cost=1645.0 (199.6s)
1404.6s 57 run 4/5: nv=16 cost=1703.1 (139.1s)
1559.1s 58 run 5/5: nv=15 cost=1704.6 (154.5s)
1559.1s 59 → nv=15.2±0.4  td=1685.8±22.9  gap=-0.7%
1559.1s 60 
1559.1s 61 [RC102] ALNS
1648.2s 62 run 1/5: nv=14 cost=1537.2 (89.1s)
1735.0s 63 run 2/5: nv=14 cost=1517.7 (86.8s)
1826.5s 64 run 3/5: nv=14 cost=1515.9 (91.5s)
1933.0s 65 run 4/5: nv=13 cost=1523.8 (106.5s)
2031.0s 66 run 5/5: nv=14 cost=1517.0 (98.1s)
2031.0s 67 → nv=13.8±0.4  td=1522.3±7.9  gap=-2.1%
2031.0s 68 
2031.0s 69 [RC102] DQN
2032.9s 70 run 1/5: nv=41 cost=4457.4 (1.8s)
2034.4s 71 run 2/5: nv=34 cost=4168.8 (1.6s)
2036.1s 72 run 3/5: nv=36 cost=4252.0 (1.7s)
2037.7s 73 run 4/5: nv=36 cost=4077.4 (1.6s)
2039.4s 74 run 5/5: nv=40 cost=4178.8 (1.6s)
2039.4s 75 → nv=37.4±2.7  td=4226.9±127.9  gap=+171.9%
2039.4s 76 
2039.4s 77 [RC102] RL-ALNS
2164.6s 78 run 1/5: nv=14 cost=1531.3 (125.2s)
2348.4s 79 run 2/5: nv=14 cost=1518.7 (183.8s)
2564.1s 80 run 3/5: nv=14 cost=1500.3 (215.7s)
2729.7s 81 run 4/5: nv=13 cost=1548.1 (165.7s)
2933.1s 82 run 5/5: nv=14 cost=1512.2 (203.4s)
2933.1s 83 → nv=13.8±0.4  td=1522.1±16.4  gap=-2.1%
2933.1s 84 
2933.1s 85 [RC103] ALNS
3024.3s 86 run 1/5: nv=12 cost=1352.0 (91.1s)
3112.3s 87 run 2/5: nv=12 cost=1357.2 (88.0s)
3211.3s 88 run 3/5: nv=11 cost=1311.2 (99.0s)
3304.0s 89 run 4/5: nv=12 cost=1354.6 (92.7s)
3396.9s 90 run 5/5: nv=12 cost=1334.8 (92.9s)
3396.9s 91 → nv=11.8±0.4  td=1342.0±17.3  gap=+6.4%
3396.9s 92 
3396.9s 93 [RC103] DQN
3398.5s 94 run 1/5: nv=33 cost=4179.8 (1.6s)
3400.2s 95 run 2/5: nv=32 cost=4143.5 (1.7s)
3402.0s 96 run 3/5: nv=37 cost=4322.2 (1.8s)
3403.6s 97 run 4/5: nv=33 cost=3883.4 (1.6s)
3405.2s 98 run 5/5: nv=36 cost=4143.8 (1.6s)
3405.2s 99 → nv=34.2±1.9  td=4134.5±141.8  gap=+227.7%
3405.2s 100 
3405.2s 101 [RC103] RL-ALNS
3592.6s 102 run 1/5: nv=12 cost=1311.7 (187.4s)
3774.3s 103 run 2/5: nv=12 cost=1311.8 (181.7s)
3982.9s 104 run 3/5: nv=12 cost=1324.9 (208.6s)
4156.4s 105 run 4/5: nv=11 cost=1282.2 (173.5s)
4337.0s 106 run 5/5: nv=12 cost=1342.5 (180.6s)
4337.0s 107 → nv=11.8±0.4  td=1314.6±19.7  gap=+4.2%
4337.0s 108 
4337.0s 109 [RC104] ALNS
4414.0s 110 run 1/5: nv=10 cost=1234.1 (76.9s)
4495.5s 111 run 2/5: nv=10 cost=1154.9 (81.6s)
4573.6s 112 run 3/5: nv=10 cost=1190.5 (78.1s)
4657.7s 113 run 4/5: nv=10 cost=1198.0 (84.2s)
4747.1s 114 run 5/5: nv=10 cost=1186.2 (89.3s)
4747.1s 115 → nv=10.0±0.0  td=1192.7±25.4  gap=+5.0%
4747.1s 116 
4747.1s 117 [RC104] DQN
4748.8s 118 run 1/5: nv=28 cost=4190.2 (1.7s)
4750.5s 119 run 2/5: nv=27 cost=4061.0 (1.8s)
4752.4s 120 run 3/5: nv=29 cost=4167.8 (1.8s)
4754.0s 121 run 4/5: nv=29 cost=3879.5 (1.6s)
4755.7s 122 run 5/5: nv=27 cost=4017.7 (1.6s)
4755.7s 123 → nv=28.0±0.9  td=4063.2±112.2  gap=+257.8%
4755.7s 124 
4755.7s 125 [RC104] RL-ALNS
4942.6s 126 run 1/5: nv=10 cost=1174.3 (187.0s)
5121.3s 127 run 2/5: nv=10 cost=1199.2 (178.7s)
5297.6s 128 run 3/5: nv=10 cost=1166.7 (176.3s)
5469.5s 129 run 4/5: nv=10 cost=1161.8 (171.9s)
5662.5s 130 run 5/5: nv=10 cost=1204.1 (192.9s)
5662.5s 131 → nv=10.0±0.0  td=1181.2±17.2  gap=+4.0%
5662.5s 132 
5662.5s 133 [RC105] ALNS
5761.5s 134 run 1/5: nv=15 cost=1567.7 (99.1s)
5867.5s 135 run 2/5: nv=15 cost=1579.4 (106.0s)
5956.4s 136 run 3/5: nv=15 cost=1617.4 (88.9s)
6069.3s 137 run 4/5: nv=14 cost=1575.8 (113.0s)
6166.6s 138 run 5/5: nv=15 cost=1605.8 (97.3s)
6166.6s 139 → nv=14.8±0.4  td=1589.2±19.0  gap=-2.5%
6166.6s 140 
6166.6s 141 [RC105] DQN
6168.3s 142 run 1/5: nv=38 cost=4113.1 (1.7s)
6169.9s 143 run 2/5: nv=40 cost=4086.2 (1.6s)
6171.7s 144 run 3/5: nv=38 cost=4245.3 (1.7s)
6173.2s 145 run 4/5: nv=37 cost=3955.1 (1.6s)
6174.9s 146 run 5/5: nv=41 cost=4222.4 (1.7s)
6174.9s 147 → nv=38.8±1.5  td=4124.4±104.4  gap=+153.1%
6174.9s 148 
6174.9s 149 [RC105] RL-ALNS
6362.8s 150 run 1/5: nv=14 cost=1580.2 (187.8s)
6548.9s 151 run 2/5: nv=14 cost=1590.3 (186.2s)
6748.3s 152 run 3/5: nv=15 cost=1570.1 (199.4s)
6911.4s 153 run 4/5: nv=14 cost=1625.2 (163.1s)
7103.6s 154 run 5/5: nv=14 cost=1632.2 (192.1s)
7103.6s 155 → nv=14.2±0.4  td=1599.6±24.7  gap=-1.8%
7103.6s 156 
7103.6s 157 [RC106] ALNS
7203.5s 158 run 1/5: nv=13 cost=1424.0 (99.9s)
7308.7s 159 run 2/5: nv=13 cost=1401.1 (105.2s)
7423.9s 160 run 3/5: nv=13 cost=1411.6 (115.2s)
7546.7s 161 run 4/5: nv=13 cost=1447.1 (122.8s)
7661.4s 162 run 5/5: nv=13 cost=1424.2 (114.7s)
7661.4s 163 → nv=13.0±0.0  td=1421.6±15.4  gap=-0.2%
7661.4s 164 
7661.4s 165 [RC106] DQN
7663.1s 166 run 1/5: nv=36 cost=3977.1 (1.7s)
7664.7s 167 run 2/5: nv=33 cost=3696.3 (1.7s)
7666.6s 168 run 3/5: nv=37 cost=4121.8 (1.9s)
7668.2s 169 run 4/5: nv=33 cost=3798.2 (1.6s)
7669.9s 170 run 5/5: nv=34 cost=3824.7 (1.7s)
7669.9s 171 → nv=34.6±1.6  td=3883.6±149.2  gap=+172.6%
7669.9s 172 
7669.9s 173 [RC106] RL-ALNS
7885.9s 174 run 1/5: nv=13 cost=1431.7 (216.1s)
8075.6s 175 run 2/5: nv=13 cost=1419.2 (189.6s)
8297.0s 176 run 3/5: nv=13 cost=1417.2 (221.5s)
8496.1s 177 run 4/5: nv=13 cost=1411.3 (199.1s)
8701.0s 178 run 5/5: nv=13 cost=1408.5 (204.9s)
8701.0s 179 → nv=13.0±0.0  td=1417.6±8.1  gap=-0.5%
8701.0s 180 
8701.0s 181 [RC107] ALNS
8798.7s 182 run 1/5: nv=12 cost=1305.7 (97.7s)
8904.4s 183 run 2/5: nv=12 cost=1289.1 (105.8s)
9000.5s 184 run 3/5: nv=12 cost=1268.7 (96.1s)
9103.1s 185 run 4/5: nv=12 cost=1303.8 (102.5s)
9199.3s 186 run 5/5: nv=12 cost=1291.4 (96.3s)
9199.3s 187 → nv=12.0±0.0  td=1291.7±13.2  gap=+5.0%
9199.3s 188 
9199.3s 189 [RC107] DQN
9201.0s 190 run 1/5: nv=31 cost=3998.6 (1.7s)
9202.7s 191 run 2/5: nv=33 cost=3908.9 (1.7s)
9204.4s 192 run 3/5: nv=31 cost=4052.3 (1.7s)
9206.0s 193 run 4/5: nv=29 cost=3856.8 (1.6s)
9207.8s 194 run 5/5: nv=34 cost=4047.2 (1.7s)
9207.8s 195 → nv=31.6±1.7  td=3972.8±77.5  gap=+222.9%
9207.8s 196 
9207.8s 197 [RC107] RL-ALNS
9415.1s 198 run 1/5: nv=12 cost=1262.7 (207.3s)
9602.6s 199 run 2/5: nv=12 cost=1286.7 (187.5s)
9813.0s 200 run 3/5: nv=12 cost=1280.4 (210.4s)
10002.8s 201 run 4/5: nv=12 cost=1261.8 (189.8s)
10187.8s 202 run 5/5: nv=12 cost=1298.5 (185.0s)
10187.8s 203 → nv=12.0±0.0  td=1278.0±14.1  gap=+3.9%
10187.8s 204 
10187.8s 205 [RC108] ALNS
10292.6s 206 run 1/5: nv=11 cost=1166.3 (104.8s)
10397.2s 207 run 2/5: nv=11 cost=1159.8 (104.6s)
10511.6s 208 run 3/5: nv=11 cost=1173.1 (114.4s)
10619.6s 209 run 4/5: nv=11 cost=1158.0 (108.0s)
10723.4s 210 run 5/5: nv=11 cost=1148.5 (103.8s)
10723.4s 211 → nv=11.0±0.0  td=1161.1±8.3  gap=+1.9%
10723.4s 212 
10723.4s 213 [RC108] DQN
10725.0s 214 run 1/5: nv=30 cost=4075.2 (1.6s)
10726.6s 215 run 2/5: nv=27 cost=3815.4 (1.6s)
10728.2s 216 run 3/5: nv=27 cost=3891.3 (1.7s)
10729.8s 217 run 4/5: nv=26 cost=3750.7 (1.5s)
10731.4s 218 run 5/5: nv=28 cost=3992.5 (1.6s)
10731.4s 219 → nv=27.6±1.4  td=3905.0±117.2  gap=+242.6%
10731.4s 220 
10731.4s 221 [RC108] RL-ALNS
10924.1s 222 run 1/5: nv=11 cost=1142.5 (192.8s)
11119.8s 223 run 2/5: nv=11 cost=1141.1 (195.6s)
11322.4s 224 run 3/5: nv=11 cost=1142.0 (202.6s)
11519.1s 225 run 4/5: nv=11 cost=1156.0 (196.7s)
11714.5s 226 run 5/5: nv=11 cost=1153.3 (195.4s)
11714.5s 227 → nv=11.0±0.0  td=1147.0±6.3  gap=+0.6%
11714.5s 228 
11714.5s 229 [RC201] ALNS
11807.7s 230 run 1/5: nv=4 cost=1473.8 (93.1s)
11899.8s 231 run 2/5: nv=4 cost=1468.1 (92.1s)
11985.9s 232 run 3/5: nv=4 cost=1513.6 (86.1s)
12079.1s 233 run 4/5: nv=4 cost=1486.4 (93.3s)
12170.1s 234 run 5/5: nv=4 cost=1489.2 (91.0s)
12170.1s 235 → nv=4.0±0.0  td=1486.2±15.8  gap=+5.6%
12170.1s 236 
12170.1s 237 [RC201] DQN
12171.7s 238 run 1/5: nv=25 cost=4315.0 (1.6s)
12173.3s 239 run 2/5: nv=21 cost=4503.5 (1.5s)
12175.0s 240 run 3/5: nv=25 cost=4522.0 (1.7s)
12176.5s 241 run 4/5: nv=23 cost=4169.0 (1.5s)
12178.3s 242 run 5/5: nv=26 cost=4552.9 (1.8s)
12178.3s 243 → nv=24.0±1.8  td=4412.5±147.5  gap=+213.6%
12178.3s 244 
12178.3s 245 [RC201] RL-ALNS
12368.4s 246 run 1/5: nv=4 cost=1538.1 (190.1s)
12534.8s 247 run 2/5: nv=4 cost=1498.4 (166.4s)
12747.7s 248 run 3/5: nv=4 cost=1487.4 (212.9s)
12910.8s 249 run 4/5: nv=4 cost=1496.1 (163.2s)
13080.8s 250 run 5/5: nv=4 cost=1500.6 (170.0s)
13080.8s 251 → nv=4.0±0.0  td=1504.1±17.6  gap=+6.9%
13080.8s 252 
13080.8s 253 [RC202] ALNS
13153.8s 254 run 1/5: nv=4 cost=1213.8 (73.0s)
13228.7s 255 run 2/5: nv=4 cost=1185.4 (74.9s)
13303.9s 256 run 3/5: nv=4 cost=1231.2 (75.2s)
13384.4s 257 run 4/5: nv=4 cost=1224.2 (80.5s)
13458.0s 258 run 5/5: nv=4 cost=1205.7 (73.7s)
13458.0s 259 → nv=4.0±0.0  td=1212.0±15.9  gap=-11.2%
13458.0s 260 
13458.0s 261 [RC202] DQN
13459.6s 262 run 1/5: nv=24 cost=4443.3 (1.6s)
13461.2s 263 run 2/5: nv=20 cost=4203.2 (1.6s)
13463.0s 264 run 3/5: nv=23 cost=4563.6 (1.8s)
13464.6s 265 run 4/5: nv=19 cost=4399.7 (1.6s)
13466.3s 266 run 5/5: nv=21 cost=4482.3 (1.6s)
13466.3s 267 → nv=21.4±1.9  td=4418.4±120.4  gap=+223.5%
13466.3s 268 
13466.3s 269 [RC202] RL-ALNS
13622.3s 270 run 1/5: nv=4 cost=1204.6 (156.0s)
13791.2s 271 run 2/5: nv=4 cost=1209.7 (168.9s)
13983.1s 272 run 3/5: nv=4 cost=1230.3 (191.9s)
14163.7s 273 run 4/5: nv=4 cost=1259.2 (180.6s)
14339.0s 274 run 5/5: nv=4 cost=1205.2 (175.3s)
14339.0s 275 → nv=4.0±0.0  td=1221.8±20.9  gap=-10.5%
14339.0s 276 
14339.0s 277 [RC203] ALNS
14399.8s 278 run 1/5: nv=3 cost=1131.7 (60.8s)
14461.3s 279 run 2/5: nv=3 cost=1119.3 (61.5s)
14526.1s 280 run 3/5: nv=3 cost=1118.2 (64.8s)
14587.4s 281 run 4/5: nv=3 cost=1106.7 (61.3s)
14660.3s 282 run 5/5: nv=3 cost=1135.8 (72.9s)
14660.3s 283 → nv=3.0±0.0  td=1122.3±10.4  gap=+6.9%
14660.3s 284 
14660.3s 285 [RC203] DQN
14662.0s 286 run 1/5: nv=19 cost=4342.2 (1.7s)
14663.7s 287 run 2/5: nv=20 cost=4253.2 (1.7s)
14665.5s 288 run 3/5: nv=17 cost=4446.6 (1.8s)
14667.1s 289 run 4/5: nv=16 cost=4168.2 (1.6s)
14668.8s 290 run 5/5: nv=16 cost=4152.7 (1.7s)
14668.8s 291 → nv=17.6±1.6  td=4272.6±110.3  gap=+307.1%
14668.8s 292 
14668.8s 293 [RC203] RL-ALNS
14798.3s 294 run 1/5: nv=3 cost=1115.9 (129.5s)
14946.3s 295 run 2/5: nv=3 cost=1098.7 (148.0s)
15106.8s 296 run 3/5: nv=3 cost=1092.3 (160.5s)
15262.9s 297 run 4/5: nv=3 cost=1081.4 (156.1s)
15409.3s 298 run 5/5: nv=3 cost=1157.5 (146.4s)
15409.3s 299 → nv=3.0±0.0  td=1109.2±26.6  gap=+5.7%
15409.3s 300 
15409.3s 301 [RC204] ALNS
15456.9s 302 run 1/5: nv=3 cost=824.3 (47.6s)
15505.5s 303 run 2/5: nv=3 cost=850.9 (48.6s)
15551.9s 304 run 3/5: nv=3 cost=845.3 (46.4s)
15598.4s 305 run 4/5: nv=3 cost=843.1 (46.5s)
15645.3s 306 run 5/5: nv=3 cost=835.4 (47.0s)
15645.3s 307 → nv=3.0±0.0  td=839.8±9.2  gap=+5.2%
15645.3s 308 
15645.3s 309 [RC204] DQN
15646.9s 310 run 1/5: nv=11 cost=4145.7 (1.6s)
15648.5s 311 run 2/5: nv=12 cost=4184.5 (1.6s)
15650.4s 312 run 3/5: nv=17 cost=4484.2 (1.9s)
15652.1s 313 run 4/5: nv=11 cost=4079.8 (1.7s)
15653.9s 314 run 5/5: nv=13 cost=4386.7 (1.8s)
15653.9s 315 → nv=12.8±2.2  td=4256.2±153.3  gap=+433.0%
15653.9s 316 
15653.9s 317 [RC204] RL-ALNS
15748.4s 318 run 1/5: nv=3 cost=803.6 (94.4s)
15852.3s 319 run 2/5: nv=3 cost=839.6 (103.9s)
15966.4s 320 run 3/5: nv=3 cost=820.3 (114.1s)
16065.5s 321 run 4/5: nv=3 cost=840.8 (99.1s)
16173.6s 322 run 5/5: nv=3 cost=831.7 (108.1s)
16173.6s 323 → nv=3.0±0.0  td=827.2±13.9  gap=+3.6%
16173.6s 324 
16173.6s 325 [RC205] ALNS
16243.5s 326 run 1/5: nv=5 cost=1297.0 (69.9s)
16320.1s 327 run 2/5: nv=4 cost=1454.6 (76.6s)
16398.1s 328 run 3/5: nv=4 cost=1398.4 (77.9s)
16474.4s 329 run 4/5: nv=4 cost=1392.4 (76.3s)
16551.6s 330 run 5/5: nv=4 cost=1374.7 (77.3s)
16551.6s 331 → nv=4.2±0.4  td=1383.4±50.8  gap=+6.6%
16551.6s 332 
16551.6s 333 [RC205] DQN
16553.1s 334 run 1/5: nv=20 cost=4226.4 (1.5s)
16554.8s 335 run 2/5: nv=25 cost=4446.6 (1.6s)
16556.6s 336 run 3/5: nv=25 cost=4460.8 (1.8s)
16558.1s 337 run 4/5: nv=18 cost=4005.9 (1.5s)
16559.8s 338 run 5/5: nv=22 cost=4408.5 (1.7s)
16559.8s 339 → nv=22.0±2.8  td=4309.6±173.5  gap=+232.1%
16559.8s 340 
16559.8s 341 [RC205] RL-ALNS
16730.5s 342 run 1/5: nv=4 cost=1376.3 (170.7s)
16857.9s 343 run 2/5: nv=4 cost=1375.3 (127.4s)
17051.0s 344 run 3/5: nv=4 cost=1361.6 (193.1s)
17205.9s 345 run 4/5: nv=4 cost=1374.6 (154.9s)
17355.6s 346 run 5/5: nv=4 cost=1382.9 (149.7s)
17355.6s 347 → nv=4.0±0.0  td=1374.1±6.9  gap=+5.9%
17355.6s 348 
17355.6s 349 [RC206] ALNS
17429.5s 350 run 1/5: nv=4 cost=1092.7 (73.9s)
17503.3s 351 run 2/5: nv=4 cost=1108.7 (73.8s)
17579.5s 352 run 3/5: nv=4 cost=1132.0 (76.1s)
17673.9s 353 run 4/5: nv=3 cost=1179.9 (94.4s)
17754.4s 354 run 5/5: nv=4 cost=1123.5 (80.6s)
17754.4s 355 → nv=3.8±0.4  td=1127.3±29.5  gap=-1.7%
17754.4s 356 
17754.4s 357 [RC206] DQN
17756.0s 358 run 1/5: nv=17 cost=4294.3 (1.6s)
17757.8s 359 run 2/5: nv=21 cost=4404.7 (1.8s)
17759.5s 360 run 3/5: nv=16 cost=4308.6 (1.7s)
17761.1s 361 run 4/5: nv=14 cost=4000.3 (1.5s)
17763.0s 362 run 5/5: nv=26 cost=4497.1 (1.9s)
17763.0s 363 → nv=18.8±4.3  td=4301.0±167.2  gap=+275.2%
17763.0s 364 
17763.0s 365 [RC206] RL-ALNS
17942.9s 366 run 1/5: nv=3 cost=1207.8 (179.9s)
18103.2s 367 run 2/5: nv=4 cost=1101.0 (160.3s)
18289.7s 368 run 3/5: nv=3 cost=1196.8 (186.5s)
18440.4s 369 run 4/5: nv=3 cost=1204.6 (150.7s)
18619.1s 370 run 5/5: nv=4 cost=1103.9 (178.8s)
18619.1s 371 → nv=3.4±0.5  td=1162.8±49.5  gap=+1.4%
18619.1s 372 
18619.1s 373 [RC207] ALNS
18691.4s 374 run 1/5: nv=3 cost=1126.1 (72.2s)
18761.9s 375 run 2/5: nv=3 cost=1101.1 (70.6s)
18842.5s 376 run 3/5: nv=3 cost=1206.2 (80.6s)
18908.8s 377 run 4/5: nv=4 cost=1066.7 (66.3s)
18972.1s 378 run 5/5: nv=4 cost=1030.4 (63.4s)
18972.1s 379 → nv=3.4±0.5  td=1106.1±59.6  gap=+4.2%
18972.1s 380 
18972.1s 381 [RC207] DQN
18973.8s 382 run 1/5: nv=15 cost=4283.8 (1.6s)
18975.4s 383 run 2/5: nv=17 cost=4244.9 (1.6s)
18977.1s 384 run 3/5: nv=14 cost=4350.7 (1.7s)
18978.6s 385 run 4/5: nv=13 cost=4230.1 (1.5s)
18980.2s 386 run 5/5: nv=25 cost=4318.9 (1.6s)
18980.2s 387 → nv=16.8±4.3  td=4285.7±44.9  gap=+303.9%
18980.2s 388 
18980.2s 389 [RC207] RL-ALNS
19136.1s 390 run 1/5: nv=4 cost=1033.1 (155.9s)
19232.2s 391 run 2/5: nv=4 cost=1040.0 (96.1s)
19407.3s 392 run 3/5: nv=3 cost=1179.5 (175.1s)
19560.6s 393 run 4/5: nv=3 cost=1114.9 (153.3s)
19702.6s 394 run 5/5: nv=3 cost=1194.1 (142.0s)
19702.6s 395 → nv=3.4±0.5  td=1112.3±67.4  gap=+4.8%
19702.6s 396 
19702.6s 397 [RC208] ALNS
19774.4s 398 run 1/5: nv=3 cost=897.4 (71.8s)
19846.7s 399 run 2/5: nv=3 cost=835.0 (72.3s)
19918.7s 400 run 3/5: nv=3 cost=888.9 (72.0s)
19991.5s 401 run 4/5: nv=3 cost=898.3 (72.8s)
20066.1s 402 run 5/5: nv=3 cost=875.2 (74.6s)
20066.1s 403 → nv=3.0±0.0  td=879.0±23.5  gap=+6.1%
20066.1s 404 
20066.1s 405 [RC208] DQN
20067.7s 406 run 1/5: nv=13 cost=4143.1 (1.7s)
20069.3s 407 run 2/5: nv=9 cost=4202.0 (1.6s)
20071.0s 408 run 3/5: nv=12 cost=4227.9 (1.7s)
20072.7s 409 run 4/5: nv=12 cost=4403.4 (1.7s)
20074.4s 410 run 5/5: nv=10 cost=4330.5 (1.6s)
20074.4s 411 → nv=11.2±1.5  td=4261.4±93.4  gap=+414.6%
20074.4s 412 
20074.4s 413 [RC208] RL-ALNS
20226.0s 414 run 1/5: nv=3 cost=895.4 (151.6s)
20365.3s 415 run 2/5: nv=3 cost=891.5 (139.3s)
20515.5s 416 run 3/5: nv=3 cost=892.6 (150.2s)
20660.3s 417 run 4/5: nv=3 cost=846.5 (144.8s)
20820.0s 418 run 5/5: nv=3 cost=870.3 (159.9s)
20820.0s 419 → nv=3.0±0.0  td=879.3±18.7  gap=+6.2%
20820.0s 420 
20820.0s 421 ─────────────────────────────────────────────────────────────────────────────────
20820.0s 422 DS  Algorithm       NV   ±  vs BKS       TD     ±   Gap% CV_NV CV_TD   OT%   Time
20820.0s 423 ─────────────────────────────────────────────────────────────────────────────────
20820.0s 424 RC1 ALNS          12.7 0.2    +1.2   1401.6  17.7  +1.6%   1.5   1.2 100.0  98.5s
20820.0s 425 RC1 DQN           34.5 2.0   +23.1   4069.4 127.3+199.8%   5.6   3.1 100.0   1.7s
20820.0s 426 RC1 RL-ALNS       12.6 0.2    +1.1   1393.2  16.2  +0.9%   1.5   1.1 100.0 188.1s
20820.0s 427 ─────────────────────────────────────────────────────────────────────────────────
20820.0s 428 RC2 ALNS           3.5 0.2    +0.3   1144.5  26.8  +2.7%   4.3   2.3 100.0  72.1s
20820.0s 429 RC2 DQN           18.1 2.5   +14.8   4314.7 126.3+300.4%  14.6   2.9 100.0   1.7s
20820.0s 430 RC2 RL-ALNS        3.5 0.1    +0.2   1148.9  27.7  +3.0%   3.6   2.5 100.0 153.9s
20820.0s 431 ─────────────────────────────────────────────────────────────────────────────────
20820.0s 432 CV = Coefficient of Variation (std/mean × 100%) — lower is more consistent.
20820.0s 433 Negative Gap% with NV_diff>0: extra vehicle allows shorter total routes.
20820.2s 434 📚 Training transfer model...
20820.2s 435 Training on RC101...
21019.0s 436 nv=15, gap=+0.2%
21019.0s 437 Training on RC102...
21218.0s 438 nv=14, gap=-3.9%
21218.0s 439 Training on RC103...
21409.2s 440 nv=12, gap=+5.5%
21409.2s 441 Training on RC104...
21585.0s 442 nv=10, gap=+2.8%
21585.0s 443 Training on RC105...
21785.4s 444 nv=15, gap=-2.7%
21785.4s 445 Training on RC106...
21987.0s 446 nv=13, gap=-1.6%
21987.0s 447 Training on RC107...
22179.3s 448 nv=12, gap=+2.0%
22179.3s 449 Training on RC108...
22377.0s 450 nv=11, gap=+1.0%
22377.0s 451 
22377.0s 452 ✅ Transfer model saved → /kaggle/working/models/rl_alns_transfer.safetensors
22377.0s 453 Total: 8 combos × 5 runs
22377.0s 454 ============================================================
22377.0s 455 
22377.0s 456 [RC201] RL-ALNS★
22553.4s 457 run 1/5: nv=5 cost=1386.0 (176.4s)
22734.0s 458 run 2/5: nv=4 cost=1459.5 (180.6s)
22910.1s 459 run 3/5: nv=5 cost=1340.2 (176.1s)
23089.6s 460 run 4/5: nv=4 cost=1522.9 (179.6s)
23269.3s 461 run 5/5: nv=5 cost=1363.6 (179.7s)
23269.3s 462 → nv=4.6±0.5  td=1414.4±67.4  gap=+0.5%
23269.3s 463 
23269.3s 464 [RC202] RL-ALNS★
23418.9s 465 run 1/5: nv=4 cost=1278.2 (149.6s)
23572.4s 466 run 2/5: nv=4 cost=1241.2 (153.4s)
23725.4s 467 run 3/5: nv=4 cost=1181.3 (153.0s)
23878.5s 468 run 4/5: nv=4 cost=1196.9 (153.1s)
24029.3s 469 run 5/5: nv=4 cost=1255.3 (150.9s)
24029.3s 470 → nv=4.0±0.0  td=1230.6±36.2  gap=-9.9%
24029.3s 471 
24029.3s 472 [RC203] RL-ALNS★
24156.9s 473 run 1/5: nv=4 cost=1026.8 (127.6s)
24287.1s 474 run 2/5: nv=4 cost=982.3 (130.2s)
24416.3s 475 run 3/5: nv=4 cost=998.9 (129.3s)
24541.1s 476 run 4/5: nv=4 cost=1106.7 (124.8s)
24678.0s 477 run 5/5: nv=3 cost=1105.8 (136.8s)
24678.0s 478 → nv=3.8±0.4  td=1044.1±52.7  gap=-0.5%
24678.0s 479 
24678.0s 480 [RC204] RL-ALNS★
24767.3s 481 run 1/5: nv=5 cost=807.9 (89.3s)
24870.1s 482 run 2/5: nv=3 cost=880.5 (102.8s)
24976.7s 483 run 3/5: nv=3 cost=848.7 (106.6s)
25067.7s 484 run 4/5: nv=3 cost=831.5 (91.1s)
25175.6s 485 run 5/5: nv=3 cost=864.7 (107.8s)
25175.6s 486 → nv=3.4±0.8  td=846.6±25.3  gap=+6.0%
25175.6s 487 
25175.6s 488 [RC205] RL-ALNS★
25339.8s 489 run 1/5: nv=4 cost=1351.3 (164.3s)
25496.0s 490 run 2/5: nv=5 cost=1275.0 (156.2s)
25651.9s 491 run 3/5: nv=5 cost=1287.1 (155.9s)
25808.5s 492 run 4/5: nv=5 cost=1272.2 (156.6s)
25966.4s 493 run 5/5: nv=5 cost=1268.4 (157.8s)
25966.4s 494 → nv=4.8±0.4  td=1290.8±30.9  gap=-0.5%
25966.4s 495 
25966.4s 496 [RC206] RL-ALNS★
26131.5s 497 run 1/5: nv=4 cost=1118.1 (165.2s)
26287.6s 498 run 2/5: nv=4 cost=1167.1 (156.1s)
26450.2s 499 run 3/5: nv=4 cost=1156.0 (162.5s)
26617.4s 500 run 4/5: nv=4 cost=1132.0 (167.3s)
26779.8s 501 run 5/5: nv=4 cost=1103.6 (162.3s)
26779.8s 502 → nv=4.0±0.0  td=1135.4±23.5  gap=-1.0%
26779.8s 503 
26779.8s 504 [RC207] RL-ALNS★
26924.9s 505 run 1/5: nv=4 cost=1075.4 (145.1s)
27065.9s 506 run 2/5: nv=4 cost=1034.9 (141.0s)
27210.0s 507 run 3/5: nv=4 cost=1042.0 (144.1s)
27350.3s 508 run 4/5: nv=4 cost=1042.5 (140.3s)
27482.0s 509 run 5/5: nv=7 cost=980.9 (131.7s)
27482.0s 510 → nv=4.6±1.2  td=1035.1±30.5  gap=-2.5%
27482.0s 511 
27482.0s 512 [RC208] RL-ALNS★
27608.5s 513 run 1/5: nv=3 cost=872.2 (126.4s)
27733.2s 514 run 2/5: nv=3 cost=862.3 (124.8s)
27861.0s 515 run 3/5: nv=3 cost=905.2 (127.7s)
27993.7s 516 run 4/5: nv=3 cost=877.3 (132.7s)
28136.0s 517 run 5/5: nv=3 cost=881.4 (142.5s)
28136.0s 518 → nv=3.0±0.0  td=879.7±14.2  gap=+6.2%
28136.0s 519 
28136.0s 520 ─────────────────────────────────────────────────────────────────────────────────
28136.0s 521 DS  Algorithm       NV   ±  vs BKS       TD     ±   Gap% CV_NV CV_TD   OT%   Time
28136.0s 522 ─────────────────────────────────────────────────────────────────────────────────
28136.0s 523 RC2 ALNS           3.5 0.2    +0.3   1144.5  26.8  +2.7%   4.3   2.3 100.0  72.1s
28136.0s 524 RC2 DQN           18.1 2.5   +14.8   4314.7 126.3+300.4%  14.6   2.9 100.0   1.7s
28136.0s 525 RC2 RL-ALNS        3.5 0.1    +0.2   1148.9  27.7  +3.0%   3.6   2.5 100.0 153.9s
28136.0s 526 RC2 RL-ALNS★       4.0 0.4    +0.8   1109.6  35.1  -0.2%   9.9   3.1 100.0 144.0s
28136.0s 527 ─────────────────────────────────────────────────────────────────────────────────
28136.0s 528 CV = Coefficient of Variation (std/mean × 100%) — lower is more consistent.
28136.0s 529 Negative Gap% with NV_diff>0: extra vehicle allows shorter total routes.
28136.2s 530 ============================================================
28136.2s 531 FULL RESULTS TABLE
28136.2s 532 
28136.2s 533 ─────────────────────────────────────────────────────────────────────────────────
28136.2s 534 DS  Algorithm       NV   ±  vs BKS       TD     ±   Gap% CV_NV CV_TD   OT%   Time
28136.2s 535 ─────────────────────────────────────────────────────────────────────────────────
28136.2s 536 RC1 ALNS          12.7 0.2    +1.2   1401.6  17.7  +1.6%   1.5   1.2 100.0  98.5s
28136.2s 537 RC1 DQN           34.5 2.0   +23.1   4069.4 127.3+199.8%   5.6   3.1 100.0   1.7s
28136.2s 538 RC1 RL-ALNS       12.6 0.2    +1.1   1393.2  16.2  +0.9%   1.5   1.1 100.0 188.1s
28136.2s 539 ─────────────────────────────────────────────────────────────────────────────────
28136.2s 540 RC2 ALNS           3.5 0.2    +0.3   1144.5  26.8  +2.7%   4.3   2.3 100.0  72.1s
28136.2s 541 RC2 DQN           18.1 2.5   +14.8   4314.7 126.3+300.4%  14.6   2.9 100.0   1.7s
28136.2s 542 RC2 RL-ALNS        3.5 0.1    +0.2   1148.9  27.7  +3.0%   3.6   2.5 100.0 153.9s
28136.2s 543 RC2 RL-ALNS★       4.0 0.4    +0.8   1109.6  35.1  -0.2%   9.9   3.1 100.0 144.0s
28136.2s 544 ─────────────────────────────────────────────────────────────────────────────────
28136.2s 545 CV = Coefficient of Variation (std/mean × 100%) — lower is more consistent.
28136.2s 546 Negative Gap% with NV_diff>0: extra vehicle allows shorter total routes.
28136.2s 547 
28136.2s 548 ============================================================
28136.2s 549 STATISTICAL TESTS
28136.2s 550 
28136.2s 551 ── Statistical Significance (Wilcoxon signed-rank, two-sided) ──
28136.2s 552 Comparison                  DatasetMetric    W-stat  p-value  Sig      Better
28136.2s 553 ──────────────────────────────────────────────────────────────────────
28136.2s 554 RL-ALNS vs ALNS      RC1   Gap%         4.0   0.0547    —     RL-ALNS
28136.2s 555 RL-ALNS vs ALNS      RC1   NV_mean      0.0   0.5000    —     RL-ALNS
28136.2s 556 RL-ALNS vs ALNS      RC2   Gap%        15.0   0.7422    —        ALNS
28136.2s 557 RL-ALNS vs ALNS      RC2   NV_mean      0.0   0.5000    —     RL-ALNS
28136.2s 558 RL-ALNS★ vs ALNS      RC2   Gap%        10.0   0.3125    —    RL-ALNS★
28136.3s 559 RL-ALNS★ vs ALNS      RC2   NV_mean      0.0   0.0312    ✅        ALNS
28136.3s 560 ──────────────────────────────────────────────────────────────────────
28136.3s 561 ✅ = p < 0.05 (statistically significant difference)
28136.3s 562 
28136.3s 563 ============================================================
28136.3s 564 DASHBOARD
28138.9s 565 
28138.9s 566 ============================================================
28138.9s 567 TRANSFER: RL-ALNS★ vs ALNS on RC2
28139.1s 568 
28139.1s 569 ── RC1 per-instance detail ──
28139.1s 570 Gap%                 NV_cv               NV_mean                TD_mean
28139.1s 571 Algorithm  ALNS     DQN RL-ALNS  ALNS   DQN RL-ALNS    ALNS   DQN RL-ALNS     ALNS      DQN  RL-ALNS
28139.1s 572 Instance
28139.1s 573 RC101     -0.30  150.14   -0.66  3.18  9.64    2.63    15.4  44.2    15.2  1691.87  4244.72  1685.77
28139.1s 574 RC102     -2.09  171.87   -2.10  2.90  7.09    2.90    13.8  37.4    13.8  1522.32  4226.90  1522.11
28139.1s 575 RC103      6.37  227.70    4.20  3.39  5.67    3.39    11.8  34.2    11.8  1341.98  4134.55  1314.64
28139.1s 576 RC104      5.04  257.84    4.03  0.00  3.19    0.00    10.0  28.0    10.0  1192.75  4063.22  1181.22
28139.1s 577 RC105     -2.47  153.12   -1.83  2.70  3.79    2.82    14.8  38.8    14.2  1589.19  4124.43  1599.62
28139.1s 578 RC106     -0.22  172.59   -0.50  0.00  4.70    0.00    13.0  34.6    13.0  1421.60  3883.63  1417.59
28139.1s 579 RC107      4.98  222.86    3.86  0.00  5.52    0.00    12.0  31.6    12.0  1291.75  3972.76  1278.02
28139.1s 580 RC108      1.87  242.60    0.63  0.00  4.91    0.00    11.0  27.6    11.0  1161.12  3905.02  1146.96
28139.1s 581 
28139.1s 582 ── RC2 per-instance detail ──
28139.1s 583 Gap%                           NV_cv                         NV_mean                         TD_mean
28139.1s 584 Algorithm   ALNS     DQN RL-ALNS RL-ALNS★   ALNS    DQN RL-ALNS RL-ALNS★    ALNS   DQN RL-ALNS RL-ALNS★     ALNS      DQN  RL-ALNS RL-ALNS★
28139.1s 585 Instance
28139.1s 586 RC201       5.63  213.62    6.91     0.53   0.00   7.45    0.00    10.65     4.0  24.0     4.0      4.6  1486.21  4412.48  1504.11  1414.42
28139.1s 587 RC202     -11.25  223.54  -10.53    -9.89   0.00   8.67    0.00     0.00     4.0  21.4     4.0      4.0  1212.05  4418.42  1221.79  1230.58
28139.1s 588 RC203       6.93  307.06    5.67    -0.53   0.00   9.23    0.00    10.53     3.0  17.6     3.0      3.8  1122.35  4272.58  1109.18  1044.09
28139.1s 589 RC204       5.18  433.05    3.60     6.04   0.00  17.40    0.00    23.53     3.0  12.8     3.0      3.4   839.80  4256.18   827.20   846.65
28139.1s 590 RC205       6.61  232.11    5.90    -0.53   9.52  12.53    0.00     8.33     4.2  22.0     4.0      4.8  1383.43  4309.63  1374.15  1290.78
28139.1s 591 RC206      -1.66  275.20    1.44    -0.96  10.53  22.67   14.41     0.00     3.8  18.8     3.4      4.0  1127.33  4301.00  1162.83  1135.37
28139.1s 592 RC207       4.24  303.87    4.82    -2.45  14.41  25.64   14.41    26.09     3.4  16.8     3.4      4.6  1106.11  4285.67  1112.32  1035.11
28139.1s 593 RC208       6.14  414.57    6.17     6.23   0.00  13.12    0.00     0.00     3.0  11.2     3.0      3.0   878.97  4261.38   879.26   879.70
28431.5s 594 /usr/local/lib/python3.12/dist-packages/mistune.py:435: SyntaxWarning: invalid escape sequence '\|'
28431.5s 595 cells[i][c] = re.sub('\\\\\|', '|', cell)
28431.6s 596 /usr/local/lib/python3.12/dist-packages/nbconvert/filters/filter_links.py:36: SyntaxWarning: invalid escape sequence '\_'
28431.6s 597 text = re.sub(r'_', '\_', text) # Escape underscores in display text
28432.3s 598 [NbConvertApp] Converting notebook __notebook__.ipynb to notebook
28432.7s 599 [NbConvertApp] Writing 969089 bytes to __notebook__.ipynb
28435.4s 600 [NbConvertApp] Converting notebook __notebook__.ipynb to html
28436.6s 601 [NbConvertApp] Support files will be in __results___files/
28436.6s 602 [NbConvertApp] Making directory __results___files
28436.6s 603 [NbConvertApp] Making directory __results___files
28436.6s 604 [NbConvertApp] Making directory __results___files
28436.6s 605 [NbConvertApp] Making directory __results___files
28436.6s 606 [NbConvertApp] Making directory __results___files
28436.6s 607 [NbConvertApp] Writing 633698 bytes to __results__.html