7.3s 1 0.00s - Debugger warning: It seems that frozen modules are being used, which may
7.3s 2 0.00s - make the debugger miss breakpoints. Please pass -Xfrozen_modules=off
7.3s 3 0.00s - to python to disable frozen modules.
7.3s 4 0.00s - Note: Debugging will proceed. Set PYDEVD_DISABLE_FILE_VALIDATION=1 to disable this validation.
7.9s 5 0.00s - Debugger warning: It seems that frozen modules are being used, which may
7.9s 6 0.00s - make the debugger miss breakpoints. Please pass -Xfrozen_modules=off
7.9s 7 0.00s - to python to disable frozen modules.
7.9s 8 0.00s - Note: Debugging will proceed. Set PYDEVD_DISABLE_FILE_VALIDATION=1 to disable this validation.
12.4s 9 [?25l   [90m━━━━━━━━━━━━━━━━━━━━━━━━━━━━━━━━━━━━━━━━[0m [32m0.0/29.8 MB[0m [31m?[0m eta [36m-:--:--[0m[2K   [91m╸[0m[90m━━━━━━━━━━━━━━━━━━━━━━━━━━━━━━━━━━━━━━━[0m [32m0.5/29.8 MB[0m [31m14.9 MB/s[0m eta [36m0:00:02[0m[2K   [91m━━━━━[0m[91m╸[0m[90m━━━━━━━━━━━━━━━━━━━━━━━━━━━━━━━━━━[0m [32m4.4/29.8 MB[0m [31m63.4 MB/s[0m eta [36m0:00:01[0m[2K   [91m━━━━━━━━━━━━━━━━[0m[91m╸[0m[90m━━━━━━━━━━━━━━━━━━━━━━━[0m [32m12.6/29.8 MB[0m [31m218.2 MB/s[0m eta [36m0:00:01[0m[2K   [91m━━━━━━━━━━━━━━━━━━━━━━━━━━━━[0m[90m╺[0m[90m━━━━━━━━━━━[0m [32m21.1/29.8 MB[0m [31m238.5 MB/s[0m eta [36m0:00:01[0m[2K   [91m━━━━━━━━━━━━━━━━━━━━━━━━━━━━━━━━━[0m[91m╸[0m[90m━━━━━━[0m [32m25.0/29.8 MB[0m [31m171.3 MB/s[0m eta [36m0:00:01[0m[2K   [91m━━━━━━━━━━━━━━━━━━━━━━━━━━━━━━━━━━━━━[0m[90m╺[0m[90m━━[0m [32m27.9/29.8 MB[0m [31m121.8 MB/s[0m eta [36m0:00:01[0m[2K   [91m━━━━━━━━━━━━━━━━━━━━━━━━━━━━━━━━━━━━━━━[0m[91m╸[0m [32m29.8/29.8 MB[0m [31m118.5 MB/s[0m eta [36m0:00:01[0m[2K   [91m━━━━━━━━━━━━━━━━━━━━━━━━━━━━━━━━━━━━━━━[0m[91m╸[0m [32m29.8/29.8 MB[0m [31m118.5 MB/s[0m eta [36m0:00:01[0m[2K   [91m━━━━━━━━━━━━━━━━━━━━━━━━━━━━━━━━━━━━━━━[0m[91m╸[0m [32m29.8/29.8 MB[0m [31m118.5 MB/s[0m eta [36m0:00:01[0m[2K   [90m━━━━━━━━━━━━━━━━━━━━━━━━━━━━━━━━━━━━━━━━[0m [32m29.8/29.8 MB[0m [31m52.8 MB/s[0m eta [36m0:00:00[0m
12.4s 10 [?25h[?25l   [90m━━━━━━━━━━━━━━━━━━━━━━━━━━━━━━━━━━━━━━━━[0m [32m0.0/135.8 kB[0m [31m?[0m eta [36m-:--:--[0m[2K   [90m━━━━━━━━━━━━━━━━━━━━━━━━━━━━━━━━━━━━━━━━[0m [32m135.8/135.8 kB[0m [31m10.6 MB/s[0m eta [36m0:00:00[0m
12.4s 11 [?25h[?25l   [90m━━━━━━━━━━━━━━━━━━━━━━━━━━━━━━━━━━━━━━━━[0m [32m0.0/323.4 kB[0m [31m?[0m eta [36m-:--:--[0m[2K   [90m━━━━━━━━━━━━━━━━━━━━━━━━━━━━━━━━━━━━━━━━[0m [32m323.4/323.4 kB[0m [31m24.7 MB/s[0m eta [36m0:00:00[0m
15.9s 12 [?25h[31mERROR: pip's dependency resolver does not currently take into account all the packages that are installed. This behaviour is the source of the following dependency conflicts.
15.9s 13 bigframes 2.35.0 requires google-cloud-bigquery-storage<3.0.0,>=2.30.0, which is not installed.
15.9s 14 google-adk 1.25.1 requires google-cloud-bigquery-storage>=2.0.0, which is not installed.
15.9s 15 dopamine-rl 4.1.2 requires gym<=0.25.2, but you have gym 0.26.2 which is incompatible.
15.9s 16 google-ai-generativelanguage 0.6.15 requires protobuf!=4.21.0,!=4.21.1,!=4.21.2,!=4.21.3,!=4.21.4,!=4.21.5,<6.0.0dev,>=3.20.2, but you have protobuf 6.33.6 which is incompatible.
15.9s 17 tensorflow 2.19.0 requires protobuf!=4.21.0,!=4.21.1,!=4.21.2,!=4.21.3,!=4.21.4,!=4.21.5,<6.0.0dev,>=3.20.3, but you have protobuf 6.33.6 which is incompatible.
15.9s 18 grpcio-status 1.71.2 requires protobuf<6.0dev,>=5.26.1, but you have protobuf 6.33.6 which is incompatible.[0m[31m
24.4s 19 [0m✅ Device : cuda
24.4s 20 ✅ PyTorch: 2.10.0+cu128
24.4s 21 ✅ OR-Tools: True
24.5s 22 ✅ Config ready.
24.5s 23 ℹ No previous session attached — starting fresh.
24.5s 24 After your first commit, attach this notebook's output
24.5s 25 via "+ Add Data" → "Notebook Output Files" and set PREV_NOTEBOOK_SLUG.
24.5s 26 ✅ BKS loaded: 56 instances across 6 families.
24.6s 27 Loading Solomon benchmark...
24.6s 28 C1: 9 instances
24.7s 29 C2: 8 instances
24.9s 30 R1: 12 instances
24.9s 31 R2: 11 instances
24.9s 32 RC1: 8 instances
24.9s 33 RC2: 8 instances
24.9s 34 ✅ Solomon total: 56 instances
24.9s 35 ✅ RC101: n=100, tight_TW=100%, geo_cluster=0.000
25.0s 36 ✅ Solution model ready.
25.1s 37 ✅ Operators: 5D × 4R = 20 combos
25.1s 38 ✅ Helpers ready.
25.1s 39 ✅ Networks ready.
25.2s 40 ✅ ALNS ready.
25.2s 41 ✅ DQN solver ready.
25.2s 42 ✅ RL-ALNS ready.
25.3s 43 ✅ OR-Tools solver ready.
25.3s 44 ✅ Benchmark runner ready.
25.3s 45 ✅ Transfer learning pipeline ready.
25.4s 46 ✅ Stats & table utilities ready.
25.4s 47 ✅ Visualisation ready.
25.4s 48 Smoke test — RC101
25.4s 49 