6.5s 1 0.00s - Debugger warning: It seems that frozen modules are being used, which may
6.5s 2 0.00s - make the debugger miss breakpoints. Please pass -Xfrozen_modules=off
6.5s 3 0.00s - to python to disable frozen modules.
6.5s 4 0.00s - Note: Debugging will proceed. Set PYDEVD_DISABLE_FILE_VALIDATION=1 to disable this validation.
7.1s 5 0.00s - Debugger warning: It seems that frozen modules are being used, which may
7.1s 6 0.00s - make the debugger miss breakpoints. Please pass -Xfrozen_modules=off
7.1s 7 0.00s - to python to disable frozen modules.
7.1s 8 0.00s - Note: Debugging will proceed. Set PYDEVD_DISABLE_FILE_VALIDATION=1 to disable this validation.
19.7s 9 ✅ Device : cuda
19.7s 10 ✅ PyTorch: 2.10.0+cu128
19.7s 11 ✅ Config ready.
19.9s 12 Loading...
19.9s 13 RC1: 8 instances
19.9s 14 RC2: 8 instances
19.9s 15 ✅ RC101: n=100, tight_TW=100%
19.9s 16 ✅ Solution model ready.
20.0s 17 ✅ Operators: 5D × 4R = 20 combos
20.0s 18 ✅ Helpers ready.
20.0s 19 ✅ Networks ready.
20.0s 20 ✅ ALNS ready.
20.1s 21 ✅ DQN solver ready.
20.1s 22 ✅ RL-ALNS ready.
20.1s 23 ✅ Benchmark runner ready.
20.2s 24 ✅ Transfer learning pipeline ready.
20.2s 25 ✅ Stats & table utilities ready.
20.2s 26 ✅ Visualisation ready.
20.2s 27 Smoke test — RC101
20.2s 28 
45.4s 29 ALNS         nv= 16  cost=  1733.6  BKS TD +2.2% NV +2  (25.0s)
52.8s 30 DQN          nv= 38  cost=  4245.8  BKS TD +150.2% NV +24  (7.4s)
95.3s 31 RL-ALNS      nv= 16  cost=  1709.4  BKS TD +0.7% NV +2  (42.5s)
95.3s 32 
95.3s 33 ✓ Smoke test passed
162.1s 34 Total: 48 combos × 5 runs
162.1s 35 ============================================================
162.1s 36 
162.1s 37 [RC101] ALNS
242.7s 38 run 1/5: nv=15 cost=1739.5 (80.6s)
327.4s 39 run 2/5: nv=15 cost=1641.3 (84.6s)
412.8s 40 run 3/5: nv=16 cost=1682.8 (85.4s)
514.5s 41 run 4/5: nv=16 cost=1674.5 (101.7s)
605.5s 42 run 5/5: nv=15 cost=1721.2 (91.1s)
605.5s 43 → nv=15.4±0.5  td=1691.9±34.8  gap=-0.3%
605.5s 44 
605.5s 45 [RC101] DQN
607.0s 46 run 1/5: nv=42 cost=4156.5 (1.5s)
608.4s 47 run 2/5: nv=42 cost=4137.2 (1.4s)
610.1s 48 run 3/5: nv=47 cost=4345.0 (1.7s)
611.5s 49 run 4/5: nv=39 cost=4025.2 (1.5s)
613.2s 50 run 5/5: nv=51 cost=4559.7 (1.7s)
613.2s 51 → nv=44.2±4.3  td=4244.7±188.1  gap=+150.1%
613.2s 52 
613.2s 53 [RC101] RL-ALNS
788.2s 54 run 1/5: nv=15 cost=1700.4 (175.0s)
946.6s 55 run 2/5: nv=15 cost=1675.8 (158.4s)
1124.6s 56 run 3/5: nv=15 cost=1645.0 (178.0s)
1248.7s 57 run 4/5: nv=16 cost=1703.1 (124.0s)
1385.3s 58 run 5/5: nv=15 cost=1704.6 (136.6s)
1385.3s 59 → nv=15.2±0.4  td=1685.8±22.9  gap=-0.7%
1385.3s 60 
1385.3s 61 [RC102] ALNS
1465.0s 62 run 1/5: nv=14 cost=1537.2 (79.7s)
1541.9s 63 run 2/5: nv=14 cost=1517.7 (76.9s)
1623.3s 64 run 3/5: nv=14 cost=1515.9 (81.4s)
1717.0s 65 run 4/5: nv=13 cost=1523.8 (93.7s)
1805.3s 66 run 5/5: nv=14 cost=1517.0 (88.3s)
1805.3s 67 → nv=13.8±0.4  td=1522.3±7.9  gap=-2.1%
1805.3s 68 
1805.3s 69 [RC102] DQN
1806.9s 70 run 1/5: nv=41 cost=4457.4 (1.6s)
1808.4s 71 run 2/5: nv=34 cost=4168.8 (1.4s)
1809.9s 72 run 3/5: nv=36 cost=4252.0 (1.5s)
1811.4s 73 run 4/5: nv=36 cost=4077.4 (1.5s)
1812.9s 74 run 5/5: nv=40 cost=4178.8 (1.5s)
1812.9s 75 → nv=37.4±2.7  td=4226.9±127.9  gap=+171.9%
1812.9s 76 
1812.9s 77 [RC102] RL-ALNS
1925.0s 78 run 1/5: nv=14 cost=1531.3 (112.1s)
2087.6s 79 run 2/5: nv=14 cost=1518.7 (162.6s)
2278.8s 80 run 3/5: nv=14 cost=1500.3 (191.2s)
2423.8s 81 run 4/5: nv=13 cost=1548.1 (145.0s)
2602.3s 82 run 5/5: nv=14 cost=1512.2 (178.5s)
2602.3s 83 → nv=13.8±0.4  td=1522.1±16.4  gap=-2.1%
2602.3s 84 
2602.3s 85 [RC103] ALNS
2683.2s 86 run 1/5: nv=12 cost=1352.0 (80.9s)
2761.5s 87 run 2/5: nv=12 cost=1357.2 (78.3s)
2849.9s 88 run 3/5: nv=11 cost=1311.2 (88.5s)
2932.7s 89 run 4/5: nv=12 cost=1354.6 (82.8s)
3016.1s 90 run 5/5: nv=12 cost=1334.8 (83.4s)
3016.1s 91 → nv=11.8±0.4  td=1342.0±17.3  gap=+6.4%
3016.1s 92 
3016.1s 93 [RC103] DQN
3017.6s 94 run 1/5: nv=33 cost=4179.8 (1.5s)
3019.1s 95 run 2/5: nv=32 cost=4143.5 (1.5s)
3020.7s 96 run 3/5: nv=37 cost=4322.2 (1.6s)
3022.2s 97 run 4/5: nv=33 cost=3883.4 (1.5s)
3023.7s 98 run 5/5: nv=36 cost=4143.8 (1.5s)
3023.7s 99 → nv=34.2±1.9  td=4134.5±141.8  gap=+227.7%
3023.7s 100 
3023.7s 101 [RC103] RL-ALNS
3189.7s 102 run 1/5: nv=12 cost=1311.7 (166.0s)
3344.0s 103 run 2/5: nv=12 cost=1311.8 (154.3s)
3520.0s 104 run 3/5: nv=12 cost=1324.9 (176.0s)
3667.6s 105 run 4/5: nv=11 cost=1282.2 (147.5s)
3818.4s 106 run 5/5: nv=12 cost=1342.5 (150.8s)
3818.4s 107 → nv=11.8±0.4  td=1314.6±19.7  gap=+4.2%
3818.4s 108 
3818.4s 109 [RC104] ALNS
3882.6s 110 run 1/5: nv=10 cost=1234.1 (64.2s)
3950.0s 111 run 2/5: nv=10 cost=1154.9 (67.4s)
4014.9s 112 run 3/5: nv=10 cost=1190.5 (64.9s)
4085.0s 113 run 4/5: nv=10 cost=1198.0 (70.1s)
4159.4s 114 run 5/5: nv=10 cost=1186.2 (74.4s)
4159.4s 115 → nv=10.0±0.0  td=1192.7±25.4  gap=+5.0%
4159.4s 116 
4159.4s 117 [RC104] DQN
4160.9s 118 run 1/5: nv=28 cost=4190.2 (1.5s)
4162.5s 119 run 2/5: nv=27 cost=4061.0 (1.5s)
4164.0s 120 run 3/5: nv=29 cost=4167.8 (1.6s)
4165.4s 121 run 4/5: nv=29 cost=3879.5 (1.4s)
4166.9s 122 run 5/5: nv=27 cost=4017.7 (1.4s)
4166.9s 123 → nv=28.0±0.9  td=4063.2±112.2  gap=+257.8%
4166.9s 124 
4166.9s 125 [RC104] RL-ALNS
4322.5s 126 run 1/5: nv=10 cost=1174.3 (155.6s)
4471.2s 127 run 2/5: nv=10 cost=1199.2 (148.7s)
4618.7s 128 run 3/5: nv=10 cost=1166.7 (147.5s)
4761.8s 129 run 4/5: nv=10 cost=1161.8 (143.1s)
4921.6s 130 run 5/5: nv=10 cost=1204.1 (159.8s)
4921.6s 131 → nv=10.0±0.0  td=1181.2±17.2  gap=+4.0%
4921.6s 132 
4921.6s 133 [RC105] ALNS
5001.7s 134 run 1/5: nv=15 cost=1567.7 (80.1s)
5087.7s 135 run 2/5: nv=15 cost=1579.4 (86.0s)
5160.1s 136 run 3/5: nv=15 cost=1617.4 (72.4s)
5252.3s 137 run 4/5: nv=14 cost=1575.8 (92.2s)
5331.6s 138 run 5/5: nv=15 cost=1605.8 (79.4s)
5331.6s 139 → nv=14.8±0.4  td=1589.2±19.0  gap=-2.5%
5331.6s 140 
5331.6s 141 [RC105] DQN
5333.1s 142 run 1/5: nv=38 cost=4113.1 (1.5s)
5334.5s 143 run 2/5: nv=40 cost=4086.2 (1.4s)
5336.0s 144 run 3/5: nv=38 cost=4245.3 (1.5s)
5337.3s 145 run 4/5: nv=37 cost=3955.1 (1.4s)
5338.8s 146 run 5/5: nv=41 cost=4222.4 (1.5s)
5338.8s 147 → nv=38.8±1.5  td=4124.4±104.4  gap=+153.1%
5338.8s 148 
5338.8s 149 [RC105] RL-ALNS
5492.8s 150 run 1/5: nv=14 cost=1580.2 (154.0s)
5646.0s 151 run 2/5: nv=14 cost=1590.3 (153.2s)
5811.2s 152 run 3/5: nv=15 cost=1570.1 (165.2s)
5947.1s 153 run 4/5: nv=14 cost=1625.2 (135.9s)
6107.2s 154 run 5/5: nv=14 cost=1632.2 (160.1s)
6107.2s 155 → nv=14.2±0.4  td=1599.6±24.7  gap=-1.8%
6107.2s 156 
6107.2s 157 [RC106] ALNS
6190.4s 158 run 1/5: nv=13 cost=1424.0 (83.2s)
6277.5s 159 run 2/5: nv=13 cost=1401.1 (87.1s)
6373.3s 160 run 3/5: nv=13 cost=1411.6 (95.8s)
6474.6s 161 run 4/5: nv=13 cost=1447.1 (101.4s)
6569.4s 162 run 5/5: nv=13 cost=1424.2 (94.8s)
6569.4s 163 → nv=13.0±0.0  td=1421.6±15.4  gap=-0.2%
6569.4s 164 
6569.4s 165 [RC106] DQN
6570.8s 166 run 1/5: nv=36 cost=3977.1 (1.4s)
6572.3s 167 run 2/5: nv=33 cost=3696.3 (1.5s)
6573.9s 168 run 3/5: nv=37 cost=4121.8 (1.6s)
6575.2s 169 run 4/5: nv=33 cost=3798.2 (1.3s)
6576.7s 170 run 5/5: nv=34 cost=3824.7 (1.4s)
6576.7s 171 → nv=34.6±1.6  td=3883.6±149.2  gap=+172.6%
6576.7s 172 
6576.7s 173 [RC106] RL-ALNS
6754.2s 174 run 1/5: nv=13 cost=1431.7 (177.4s)
6911.4s 175 run 2/5: nv=13 cost=1419.2 (157.3s)
7095.3s 176 run 3/5: nv=13 cost=1417.2 (183.9s)
7263.1s 177 run 4/5: nv=13 cost=1411.3 (167.7s)
7434.9s 178 run 5/5: nv=13 cost=1408.5 (171.8s)
7434.9s 179 → nv=13.0±0.0  td=1417.6±8.1  gap=-0.5%
7434.9s 180 
7434.9s 181 [RC107] ALNS
7515.3s 182 run 1/5: nv=12 cost=1305.7 (80.5s)
7602.0s 183 run 2/5: nv=12 cost=1289.1 (86.7s)
7680.0s 184 run 3/5: nv=12 cost=1268.7 (78.0s)
7763.7s 185 run 4/5: nv=12 cost=1303.8 (83.6s)
7842.1s 186 run 5/5: nv=12 cost=1291.4 (78.5s)
7842.1s 187 → nv=12.0±0.0  td=1291.7±13.2  gap=+5.0%
7842.1s 188 
7842.1s 189 [RC107] DQN
7843.5s 190 run 1/5: nv=31 cost=3998.6 (1.4s)
7845.0s 191 run 2/5: nv=33 cost=3908.9 (1.5s)
7846.4s 192 run 3/5: nv=31 cost=4052.3 (1.4s)
7847.8s 193 run 4/5: nv=29 cost=3856.8 (1.4s)
7849.3s 194 run 5/5: nv=34 cost=4047.2 (1.5s)
7849.3s 195 → nv=31.6±1.7  td=3972.8±77.5  gap=+222.9%
7849.3s 196 
7849.3s 197 [RC107] RL-ALNS
8019.0s 198 run 1/5: nv=12 cost=1262.7 (169.8s)
8174.4s 199 run 2/5: nv=12 cost=1286.7 (155.4s)
8349.2s 200 run 3/5: nv=12 cost=1280.4 (174.7s)
8509.1s 201 run 4/5: nv=12 cost=1261.8 (160.0s)
8665.2s 202 run 5/5: nv=12 cost=1298.5 (156.1s)
8665.2s 203 → nv=12.0±0.0  td=1278.0±14.1  gap=+3.9%
8665.2s 204 
8665.2s 205 [RC108] ALNS
8752.5s 206 run 1/5: nv=11 cost=1166.3 (87.3s)
8840.3s 207 run 2/5: nv=11 cost=1159.8 (87.8s)
8936.3s 208 run 3/5: nv=11 cost=1173.1 (96.0s)
9027.0s 209 run 4/5: nv=11 cost=1158.0 (90.7s)
9115.8s 210 run 5/5: nv=11 cost=1148.5 (88.8s)
9115.8s 211 → nv=11.0±0.0  td=1161.1±8.3  gap=+1.9%
9115.8s 212 
9115.8s 213 [RC108] DQN
9117.2s 214 run 1/5: nv=30 cost=4075.2 (1.4s)
9118.6s 215 run 2/5: nv=27 cost=3815.4 (1.4s)
9120.1s 216 run 3/5: nv=27 cost=3891.3 (1.5s)
9121.5s 217 run 4/5: nv=26 cost=3750.7 (1.4s)
9122.9s 218 run 5/5: nv=28 cost=3992.5 (1.4s)
9122.9s 219 → nv=27.6±1.4  td=3905.0±117.2  gap=+242.6%
9122.9s 220 
9122.9s 221 [RC108] RL-ALNS
9285.7s 222 run 1/5: nv=11 cost=1142.5 (162.8s)
9453.6s 223 run 2/5: nv=11 cost=1141.1 (167.8s)
9620.7s 224 run 3/5: nv=11 cost=1142.0 (167.2s)
9785.6s 225 run 4/5: nv=11 cost=1156.0 (164.9s)
9948.4s 226 run 5/5: nv=11 cost=1153.3 (162.8s)
9948.4s 227 → nv=11.0±0.0  td=1147.0±6.3  gap=+0.6%
9948.4s 228 
9948.4s 229 [RC201] ALNS
10025.3s 230 run 1/5: nv=4 cost=1473.8 (76.9s)
10102.2s 231 run 2/5: nv=4 cost=1468.1 (77.0s)
10173.8s 232 run 3/5: nv=4 cost=1513.6 (71.5s)
10252.5s 233 run 4/5: nv=4 cost=1486.4 (78.8s)
10329.9s 234 run 5/5: nv=4 cost=1489.2 (77.3s)
10329.9s 235 → nv=4.0±0.0  td=1486.2±15.8  gap=+5.6%
10329.9s 236 
10329.9s 237 [RC201] DQN
10331.3s 238 run 1/5: nv=25 cost=4315.0 (1.4s)
10332.7s 239 run 2/5: nv=21 cost=4503.5 (1.4s)
10334.2s 240 run 3/5: nv=25 cost=4522.0 (1.5s)
10335.5s 241 run 4/5: nv=23 cost=4169.0 (1.3s)
10337.1s 242 run 5/5: nv=26 cost=4552.9 (1.6s)
10337.1s 243 → nv=24.0±1.8  td=4412.5±147.5  gap=+213.6%
10337.1s 244 
10337.1s 245 [RC201] RL-ALNS
10498.3s 246 run 1/5: nv=4 cost=1538.1 (161.2s)
10640.3s 247 run 2/5: nv=4 cost=1498.4 (142.0s)
10820.1s 248 run 3/5: nv=4 cost=1487.4 (179.8s)
10957.3s 249 run 4/5: nv=4 cost=1496.1 (137.2s)
11098.4s 250 run 5/5: nv=4 cost=1500.6 (141.1s)
11098.4s 251 → nv=4.0±0.0  td=1504.1±17.6  gap=+6.9%
11098.4s 252 
11098.4s 253 [RC202] ALNS
11159.1s 254 run 1/5: nv=4 cost=1213.8 (60.7s)
11221.2s 255 run 2/5: nv=4 cost=1185.4 (62.1s)
11283.3s 256 run 3/5: nv=4 cost=1231.2 (62.1s)
11350.0s 257 run 4/5: nv=4 cost=1224.2 (66.7s)
11411.6s 258 run 5/5: nv=4 cost=1205.7 (61.7s)
11411.6s 259 → nv=4.0±0.0  td=1212.0±15.9  gap=-11.2%
11411.6s 260 
11411.6s 261 [RC202] DQN
11413.0s 262 run 1/5: nv=24 cost=4443.3 (1.4s)
11414.4s 263 run 2/5: nv=20 cost=4203.2 (1.4s)
11416.0s 264 run 3/5: nv=23 cost=4563.6 (1.6s)
11417.3s 265 run 4/5: nv=19 cost=4399.7 (1.4s)
11418.8s 266 run 5/5: nv=21 cost=4482.3 (1.4s)
11418.8s 267 → nv=21.4±1.9  td=4418.4±120.4  gap=+223.5%
11418.8s 268 
11418.8s 269 [RC202] RL-ALNS
11551.9s 270 run 1/5: nv=4 cost=1204.6 (133.1s)
11696.6s 271 run 2/5: nv=4 cost=1209.7 (144.8s)
11854.9s 272 run 3/5: nv=4 cost=1230.3 (158.2s)
12004.2s 273 run 4/5: nv=4 cost=1259.2 (149.3s)
12149.2s 274 run 5/5: nv=4 cost=1205.2 (145.0s)
12149.2s 275 → nv=4.0±0.0  td=1221.8±20.9  gap=-10.5%
12149.2s 276 
12149.2s 277 [RC203] ALNS
12199.8s 278 run 1/5: nv=3 cost=1131.7 (50.6s)
12251.2s 279 run 2/5: nv=3 cost=1119.3 (51.4s)
12305.6s 280 run 3/5: nv=3 cost=1118.2 (54.4s)
12356.6s 281 run 4/5: nv=3 cost=1106.7 (51.0s)
12416.8s 282 run 5/5: nv=3 cost=1135.8 (60.3s)
12416.8s 283 → nv=3.0±0.0  td=1122.3±10.4  gap=+6.9%
12416.8s 284 
12416.8s 285 [RC203] DQN
12418.3s 286 run 1/5: nv=19 cost=4342.2 (1.5s)
12419.8s 287 run 2/5: nv=20 cost=4253.2 (1.5s)
12421.4s 288 run 3/5: nv=17 cost=4446.6 (1.7s)
12422.8s 289 run 4/5: nv=16 cost=4168.2 (1.4s)
12424.3s 290 run 5/5: nv=16 cost=4152.7 (1.5s)
12424.3s 291 → nv=17.6±1.6  td=4272.6±110.3  gap=+307.1%
12424.3s 292 
12424.3s 293 [RC203] RL-ALNS
12532.1s 294 run 1/5: nv=3 cost=1115.9 (107.8s)
12654.4s 295 run 2/5: nv=3 cost=1098.7 (122.3s)
12785.6s 296 run 3/5: nv=3 cost=1092.3 (131.2s)
12914.0s 297 run 4/5: nv=3 cost=1081.4 (128.4s)
13035.2s 298 run 5/5: nv=3 cost=1157.5 (121.1s)
13035.2s 299 → nv=3.0±0.0  td=1109.2±26.6  gap=+5.7%
13035.2s 300 
13035.2s 301 [RC204] ALNS
13074.6s 302 run 1/5: nv=3 cost=824.3 (39.4s)
13115.7s 303 run 2/5: nv=3 cost=850.9 (41.1s)
13155.3s 304 run 3/5: nv=3 cost=845.3 (39.7s)
13195.2s 305 run 4/5: nv=3 cost=843.1 (39.9s)
13235.0s 306 run 5/5: nv=3 cost=835.4 (39.9s)
13235.0s 307 → nv=3.0±0.0  td=839.8±9.2  gap=+5.2%
13235.0s 308 
13235.0s 309 [RC204] DQN
13236.5s 310 run 1/5: nv=11 cost=4145.7 (1.4s)
13237.9s 311 run 2/5: nv=12 cost=4184.5 (1.4s)
13239.5s 312 run 3/5: nv=17 cost=4484.2 (1.6s)
13240.9s 313 run 4/5: nv=11 cost=4079.8 (1.4s)
13242.5s 314 run 5/5: nv=13 cost=4386.7 (1.6s)
13242.5s 315 → nv=12.8±2.2  td=4256.2±153.3  gap=+433.0%
13242.5s 316 
13242.5s 317 [RC204] RL-ALNS
13322.3s 318 run 1/5: nv=3 cost=803.6 (79.8s)
13411.7s 319 run 2/5: nv=3 cost=839.6 (89.4s)
13510.2s 320 run 3/5: nv=3 cost=820.3 (98.4s)
13596.4s 321 run 4/5: nv=3 cost=840.8 (86.2s)
13689.2s 322 run 5/5: nv=3 cost=831.7 (92.8s)
13689.2s 323 → nv=3.0±0.0  td=827.2±13.9  gap=+3.6%
13689.2s 324 
13689.2s 325 [RC205] ALNS
13749.1s 326 run 1/5: nv=5 cost=1297.0 (59.9s)
13815.4s 327 run 2/5: nv=4 cost=1454.6 (66.3s)
13881.0s 328 run 3/5: nv=4 cost=1398.4 (65.6s)
13944.8s 329 run 4/5: nv=4 cost=1392.4 (63.7s)
14009.3s 330 run 5/5: nv=4 cost=1374.7 (64.6s)
14009.3s 331 → nv=4.2±0.4  td=1383.4±50.8  gap=+6.6%
14009.3s 332 
14009.3s 333 [RC205] DQN
14010.6s 334 run 1/5: nv=20 cost=4226.4 (1.3s)
14012.1s 335 run 2/5: nv=25 cost=4446.6 (1.5s)
14013.6s 336 run 3/5: nv=25 cost=4460.8 (1.5s)
14015.0s 337 run 4/5: nv=18 cost=4005.9 (1.4s)
14016.4s 338 run 5/5: nv=22 cost=4408.5 (1.4s)
14016.4s 339 → nv=22.0±2.8  td=4309.6±173.5  gap=+232.1%
14016.4s 340 
14016.4s 341 [RC205] RL-ALNS
14157.6s 342 run 1/5: nv=4 cost=1376.3 (141.1s)
14262.3s 343 run 2/5: nv=4 cost=1375.3 (104.7s)
14418.6s 344 run 3/5: nv=4 cost=1361.6 (156.4s)
14542.7s 345 run 4/5: nv=4 cost=1374.6 (124.1s)
14662.4s 346 run 5/5: nv=4 cost=1382.9 (119.6s)
14662.4s 347 → nv=4.0±0.0  td=1374.1±6.9  gap=+5.9%
14662.4s 348 
14662.4s 349 [RC206] ALNS
14722.9s 350 run 1/5: nv=4 cost=1092.7 (60.5s)
14783.4s 351 run 2/5: nv=4 cost=1108.7 (60.5s)
14844.9s 352 run 3/5: nv=4 cost=1132.0 (61.5s)
14921.5s 353 run 4/5: nv=3 cost=1179.9 (76.5s)
14986.8s 354 run 5/5: nv=4 cost=1123.5 (65.4s)
14986.8s 355 → nv=3.8±0.4  td=1127.3±29.5  gap=-1.7%
14986.8s 356 
14986.8s 357 [RC206] DQN
14988.1s 358 run 1/5: nv=17 cost=4294.3 (1.3s)
14989.6s 359 run 2/5: nv=21 cost=4404.7 (1.5s)
14991.1s 360 run 3/5: nv=16 cost=4308.6 (1.5s)
14992.4s 361 run 4/5: nv=14 cost=4000.3 (1.3s)
14994.0s 362 run 5/5: nv=26 cost=4497.1 (1.5s)
14994.0s 363 → nv=18.8±4.3  td=4301.0±167.2  gap=+275.2%
14994.0s 364 
14994.0s 365 [RC206] RL-ALNS
15140.8s 366 run 1/5: nv=3 cost=1207.8 (146.9s)
15274.6s 367 run 2/5: nv=4 cost=1101.0 (133.8s)
15431.9s 368 run 3/5: nv=3 cost=1196.8 (157.2s)
15558.4s 369 run 4/5: nv=3 cost=1204.6 (126.5s)
15705.8s 370 run 5/5: nv=4 cost=1103.9 (147.4s)
15705.8s 371 → nv=3.4±0.5  td=1162.8±49.5  gap=+1.4%
15705.8s 372 
15705.8s 373 [RC207] ALNS
15765.8s 374 run 1/5: nv=3 cost=1126.1 (60.0s)
15824.1s 375 run 2/5: nv=3 cost=1101.1 (58.3s)
15891.0s 376 run 3/5: nv=3 cost=1206.2 (66.9s)
15945.4s 377 run 4/5: nv=4 cost=1066.7 (54.4s)
15997.6s 378 run 5/5: nv=4 cost=1030.4 (52.2s)
15997.6s 379 → nv=3.4±0.5  td=1106.1±59.6  gap=+4.2%
15997.6s 380 
15997.6s 381 [RC207] DQN
15999.0s 382 run 1/5: nv=15 cost=4283.8 (1.4s)
16000.4s 383 run 2/5: nv=17 cost=4244.9 (1.4s)
16001.9s 384 run 3/5: nv=14 cost=4350.7 (1.5s)
16003.3s 385 run 4/5: nv=13 cost=4230.1 (1.3s)
16004.7s 386 run 5/5: nv=25 cost=4318.9 (1.4s)
16004.7s 387 → nv=16.8±4.3  td=4285.7±44.9  gap=+303.9%
16004.7s 388 
16004.7s 389 [RC207] RL-ALNS
16132.7s 390 run 1/5: nv=4 cost=1033.1 (128.0s)
16212.0s 391 run 2/5: nv=4 cost=1040.0 (79.2s)
16355.0s 392 run 3/5: nv=3 cost=1179.5 (143.1s)
16479.6s 393 run 4/5: nv=3 cost=1114.9 (124.6s)
16595.7s 394 run 5/5: nv=3 cost=1194.1 (116.1s)
16595.7s 395 → nv=3.4±0.5  td=1112.3±67.4  gap=+4.8%
16595.7s 396 
16595.7s 397 [RC208] ALNS
16654.6s 398 run 1/5: nv=3 cost=897.4 (58.9s)
16714.2s 399 run 2/5: nv=3 cost=835.0 (59.6s)
16773.5s 400 run 3/5: nv=3 cost=888.9 (59.3s)
16834.2s 401 run 4/5: nv=3 cost=898.3 (60.7s)
16896.5s 402 run 5/5: nv=3 cost=875.2 (62.3s)
16896.5s 403 → nv=3.0±0.0  td=879.0±23.5  gap=+6.1%
16896.5s 404 
16896.5s 405 [RC208] DQN
16897.9s 406 run 1/5: nv=13 cost=4143.1 (1.4s)
16899.3s 407 run 2/5: nv=9 cost=4202.0 (1.4s)
16900.8s 408 run 3/5: nv=12 cost=4227.9 (1.5s)
16902.2s 409 run 4/5: nv=12 cost=4403.4 (1.4s)
16903.7s 410 run 5/5: nv=10 cost=4330.5 (1.4s)
16903.7s 411 → nv=11.2±1.5  td=4261.4±93.4  gap=+414.6%
16903.7s 412 
16903.7s 413 [RC208] RL-ALNS
17034.3s 414 run 1/5: nv=3 cost=895.4 (130.6s)
17166.6s 415 run 2/5: nv=3 cost=891.5 (132.3s)
17303.6s 416 run 3/5: nv=3 cost=892.6 (137.0s)
17434.2s 417 run 4/5: nv=3 cost=846.5 (130.5s)
17569.0s 418 run 5/5: nv=3 cost=870.3 (135.0s)
17569.0s 419 → nv=3.0±0.0  td=879.3±18.7  gap=+6.2%
17569.0s 420 
17569.0s 421 ─────────────────────────────────────────────────────────────────────────────────
17569.0s 422 DS  Algorithm       NV   ±  vs BKS       TD     ±   Gap% CV_NV CV_TD   OT%   Time
17569.0s 423 ─────────────────────────────────────────────────────────────────────────────────
17569.0s 424 RC1 ALNS          12.7 0.2    +1.2   1401.6  17.7  +1.6%   1.5   1.2 100.0  83.7s
17569.0s 425 RC1 DQN           34.5 2.0   +23.1   4069.4 127.3+199.8%   5.6   3.1 100.0   1.5s
17569.0s 426 RC1 RL-ALNS       12.6 0.2    +1.1   1393.2  16.2  +0.9%   1.5   1.1 100.0 159.5s
17569.0s 427 ─────────────────────────────────────────────────────────────────────────────────
17569.0s 428 RC2 ALNS           3.5 0.2    +0.3   1144.5  26.8  +2.7%   4.3   2.3 100.0  60.0s
17569.0s 429 RC2 DQN           18.1 2.5   +14.8   4314.7 126.3+300.4%  14.6   2.9 100.0   1.4s
17569.0s 430 RC2 RL-ALNS        3.5 0.1    +0.2   1148.9  27.7  +3.0%   3.6   2.5 100.0 129.1s
17569.0s 431 ─────────────────────────────────────────────────────────────────────────────────
17569.0s 432 CV = Coefficient of Variation (std/mean × 100%) — lower is more consistent.
17569.0s 433 Negative Gap% with NV_diff>0: extra vehicle allows shorter total routes.
17569.2s 434 📚 Training transfer model...
17569.2s 435 Training on RC101...
17736.4s 436 nv=15, gap=+0.2%
17736.4s 437 Training on RC102...
17904.8s 438 nv=14, gap=-3.9%
17904.8s 439 Training on RC103...
18059.0s 440 nv=12, gap=+5.5%
18059.0s 441 Training on RC104...
18200.1s 442 nv=10, gap=+2.8%
18200.1s 443 Training on RC105...
18361.2s 444 nv=15, gap=-2.7%
18361.2s 445 Training on RC106...
18522.6s 446 nv=13, gap=-1.6%
18522.6s 447 Training on RC107...
18678.6s 448 nv=12, gap=+2.0%
18678.6s 449 Training on RC108...
18839.1s 450 nv=11, gap=+1.0%
18839.1s 451 
18839.1s 452 ✅ Transfer model saved → /kaggle/working/models/rl_alns_transfer.safetensors
18839.1s 453 Total: 8 combos × 5 runs
18839.1s 454 ============================================================
18839.1s 455 
18839.1s 456 [RC201] RL-ALNS★
18981.9s 457 run 1/5: nv=5 cost=1386.0 (142.8s)
19130.7s 458 run 2/5: nv=4 cost=1459.5 (148.8s)
19274.6s 459 run 3/5: nv=5 cost=1340.2 (143.9s)
19422.2s 460 run 4/5: nv=4 cost=1522.9 (147.6s)
19569.3s 461 run 5/5: nv=5 cost=1363.6 (147.2s)
19569.3s 462 → nv=4.6±0.5  td=1414.4±67.4  gap=+0.5%
19569.3s 463 
19569.3s 464 [RC202] RL-ALNS★
19698.0s 465 run 1/5: nv=4 cost=1278.2 (128.6s)
19829.0s 466 run 2/5: nv=4 cost=1241.2 (131.0s)
19960.3s 467 run 3/5: nv=4 cost=1181.3 (131.4s)
20093.8s 468 run 4/5: nv=4 cost=1196.9 (133.5s)
20224.8s 469 run 5/5: nv=4 cost=1255.3 (131.0s)
20224.8s 470 → nv=4.0±0.0  td=1230.6±36.2  gap=-9.9%
20224.8s 471 
20224.8s 472 [RC203] RL-ALNS★
20333.0s 473 run 1/5: nv=4 cost=1026.8 (108.2s)
20445.9s 474 run 2/5: nv=4 cost=982.3 (112.9s)
20557.7s 475 run 3/5: nv=4 cost=998.9 (111.7s)
20664.6s 476 run 4/5: nv=4 cost=1106.7 (106.9s)
20779.4s 477 run 5/5: nv=3 cost=1105.8 (114.8s)
20779.4s 478 → nv=3.8±0.4  td=1044.1±52.7  gap=-0.5%
20779.4s 479 
20779.4s 480 [RC204] RL-ALNS★
20852.7s 481 run 1/5: nv=5 cost=807.9 (73.3s)
20937.6s 482 run 2/5: nv=3 cost=880.5 (84.9s)
21026.9s 483 run 3/5: nv=3 cost=848.7 (89.3s)
21103.4s 484 run 4/5: nv=3 cost=831.5 (76.5s)
21196.5s 485 run 5/5: nv=3 cost=864.7 (93.1s)
21196.5s 486 → nv=3.4±0.8  td=846.6±25.3  gap=+6.0%
21196.5s 487 
21196.5s 488 [RC205] RL-ALNS★
21345.9s 489 run 1/5: nv=4 cost=1351.3 (149.5s)
21484.9s 490 run 2/5: nv=5 cost=1275.0 (138.9s)
21621.6s 491 run 3/5: nv=5 cost=1287.1 (136.8s)
21754.8s 492 run 4/5: nv=5 cost=1272.2 (133.2s)
21885.5s 493 run 5/5: nv=5 cost=1268.4 (130.7s)
21885.5s 494 → nv=4.8±0.4  td=1290.8±30.9  gap=-0.5%
21885.5s 495 
21885.5s 496 [RC206] RL-ALNS★
22025.2s 497 run 1/5: nv=4 cost=1118.1 (139.6s)
22156.7s 498 run 2/5: nv=4 cost=1167.1 (131.6s)
22294.2s 499 run 3/5: nv=4 cost=1156.0 (137.4s)
22431.7s 500 run 4/5: nv=4 cost=1132.0 (137.5s)
22564.1s 501 run 5/5: nv=4 cost=1103.6 (132.4s)
22564.1s 502 → nv=4.0±0.0  td=1135.4±23.5  gap=-1.0%
22564.1s 503 
22564.1s 504 [RC207] RL-ALNS★
22683.4s 505 run 1/5: nv=4 cost=1075.4 (119.4s)
22797.6s 506 run 2/5: nv=4 cost=1034.9 (114.2s)
22915.8s 507 run 3/5: nv=4 cost=1042.0 (118.2s)
23034.4s 508 run 4/5: nv=4 cost=1042.5 (118.6s)
23145.1s 509 run 5/5: nv=7 cost=980.9 (110.7s)
23145.1s 510 → nv=4.6±1.2  td=1035.1±30.5  gap=-2.5%
23145.1s 511 
23145.1s 512 [RC208] RL-ALNS★
23250.6s 513 run 1/5: nv=3 cost=872.2 (105.5s)
23353.1s 514 run 2/5: nv=3 cost=862.3 (102.5s)
23457.6s 515 run 3/5: nv=3 cost=905.2 (104.5s)
23566.3s 516 run 4/5: nv=3 cost=877.3 (108.7s)
23683.9s 517 run 5/5: nv=3 cost=881.4 (117.9s)
23683.9s 518 → nv=3.0±0.0  td=879.7±14.2  gap=+6.2%
23683.9s 519 
23683.9s 520 ─────────────────────────────────────────────────────────────────────────────────
23683.9s 521 DS  Algorithm       NV   ±  vs BKS       TD     ±   Gap% CV_NV CV_TD   OT%   Time
23683.9s 522 ─────────────────────────────────────────────────────────────────────────────────
23683.9s 523 RC2 ALNS           3.5 0.2    +0.3   1144.5  26.8  +2.7%   4.3   2.3 100.0  60.0s
23683.9s 524 RC2 DQN           18.1 2.5   +14.8   4314.7 126.3+300.4%  14.6   2.9 100.0   1.4s
23683.9s 525 RC2 RL-ALNS        3.5 0.1    +0.2   1148.9  27.7  +3.0%   3.6   2.5 100.0 129.1s
23683.9s 526 RC2 RL-ALNS★       4.0 0.4    +0.8   1109.6  35.1  -0.2%   9.9   3.1 100.0 121.1s
23683.9s 527 ─────────────────────────────────────────────────────────────────────────────────
23683.9s 528 CV = Coefficient of Variation (std/mean × 100%) — lower is more consistent.
23683.9s 529 Negative Gap% with NV_diff>0: extra vehicle allows shorter total routes.
23684.2s 530 ============================================================
23684.2s 531 FULL RESULTS TABLE
23684.2s 532 
23684.2s 533 ─────────────────────────────────────────────────────────────────────────────────
23684.2s 534 DS  Algorithm       NV   ±  vs BKS       TD     ±   Gap% CV_NV CV_TD   OT%   Time
23684.2s 535 ─────────────────────────────────────────────────────────────────────────────────
23684.2s 536 RC1 ALNS          12.7 0.2    +1.2   1401.6  17.7  +1.6%   1.5   1.2 100.0  83.7s
23684.2s 537 RC1 DQN           34.5 2.0   +23.1   4069.4 127.3+199.8%   5.6   3.1 100.0   1.5s
23684.2s 538 RC1 RL-ALNS       12.6 0.2    +1.1   1393.2  16.2  +0.9%   1.5   1.1 100.0 159.5s
23684.2s 539 ─────────────────────────────────────────────────────────────────────────────────
23684.2s 540 RC2 ALNS           3.5 0.2    +0.3   1144.5  26.8  +2.7%   4.3   2.3 100.0  60.0s
23684.2s 541 RC2 DQN           18.1 2.5   +14.8   4314.7 126.3+300.4%  14.6   2.9 100.0   1.4s
23684.2s 542 RC2 RL-ALNS        3.5 0.1    +0.2   1148.9  27.7  +3.0%   3.6   2.5 100.0 129.1s
23684.2s 543 RC2 RL-ALNS★       4.0 0.4    +0.8   1109.6  35.1  -0.2%   9.9   3.1 100.0 121.1s
23684.2s 544 ─────────────────────────────────────────────────────────────────────────────────
23684.2s 545 CV = Coefficient of Variation (std/mean × 100%) — lower is more consistent.
23684.2s 546 Negative Gap% with NV_diff>0: extra vehicle allows shorter total routes.
23684.2s 547 
23684.2s 548 ============================================================
23684.2s 549 STATISTICAL TESTS
23684.2s 550 
23684.2s 551 ── Statistical Significance (Wilcoxon signed-rank, two-sided) ──
23684.2s 552 Comparison                  DatasetMetric    W-stat  p-value  Sig      Better
23684.2s 553 ──────────────────────────────────────────────────────────────────────
23684.2s 554 RL-ALNS vs ALNS      RC1   Gap%         4.0   0.0547    —     RL-ALNS
23684.2s 555 RL-ALNS vs ALNS      RC1   NV_mean      0.0   0.5000    —     RL-ALNS
23684.2s 556 RL-ALNS vs ALNS      RC2   Gap%        15.0   0.7422    —        ALNS
23684.2s 557 RL-ALNS vs ALNS      RC2   NV_mean      0.0   0.5000    —     RL-ALNS
23684.2s 558 RL-ALNS★ vs ALNS      RC2   Gap%        10.0   0.3125    —    RL-ALNS★
23684.2s 559 RL-ALNS★ vs ALNS      RC2   NV_mean      0.0   0.0312    ✅        ALNS
23684.2s 560 ──────────────────────────────────────────────────────────────────────
23684.2s 561 ✅ = p < 0.05 (statistically significant difference)
23684.2s 562 
23684.2s 563 ============================================================
23684.2s 564 DASHBOARD
23686.4s 565 
23686.4s 566 ============================================================
23686.4s 567 TRANSFER: RL-ALNS★ vs ALNS on RC2
23686.5s 568 
23686.5s 569 ── RC1 per-instance detail ──
23686.5s 570 Gap%                 NV_cv               NV_mean                TD_mean
23686.5s 571 Algorithm  ALNS     DQN RL-ALNS  ALNS   DQN RL-ALNS    ALNS   DQN RL-ALNS     ALNS      DQN  RL-ALNS
23686.5s 572 Instance
23686.5s 573 RC101     -0.30  150.14   -0.66  3.18  9.64    2.63    15.4  44.2    15.2  1691.87  4244.72  1685.77
23686.5s 574 RC102     -2.09  171.87   -2.10  2.90  7.09    2.90    13.8  37.4    13.8  1522.32  4226.90  1522.11
23686.5s 575 RC103      6.37  227.70    4.20  3.39  5.67    3.39    11.8  34.2    11.8  1341.98  4134.55  1314.64
23686.5s 576 RC104      5.04  257.84    4.03  0.00  3.19    0.00    10.0  28.0    10.0  1192.75  4063.22  1181.22
23686.5s 577 RC105     -2.47  153.12   -1.83  2.70  3.79    2.82    14.8  38.8    14.2  1589.19  4124.43  1599.62
23686.5s 578 RC106     -0.22  172.59   -0.50  0.00  4.70    0.00    13.0  34.6    13.0  1421.60  3883.63  1417.59
23686.5s 579 RC107      4.98  222.86    3.86  0.00  5.52    0.00    12.0  31.6    12.0  1291.75  3972.76  1278.02
23686.5s 580 RC108      1.87  242.60    0.63  0.00  4.91    0.00    11.0  27.6    11.0  1161.12  3905.02  1146.96
23686.5s 581 
23686.5s 582 ── RC2 per-instance detail ──
23686.5s 583 Gap%                           NV_cv                         NV_mean                         TD_mean
23686.5s 584 Algorithm   ALNS     DQN RL-ALNS RL-ALNS★   ALNS    DQN RL-ALNS RL-ALNS★    ALNS   DQN RL-ALNS RL-ALNS★     ALNS      DQN  RL-ALNS RL-ALNS★
23686.5s 585 Instance
23686.5s 586 RC201       5.63  213.62    6.91     0.53   0.00   7.45    0.00    10.65     4.0  24.0     4.0      4.6  1486.21  4412.48  1504.11  1414.42
23686.5s 587 RC202     -11.25  223.54  -10.53    -9.89   0.00   8.67    0.00     0.00     4.0  21.4     4.0      4.0  1212.05  4418.42  1221.79  1230.58
23686.5s 588 RC203       6.93  307.06    5.67    -0.53   0.00   9.23    0.00    10.53     3.0  17.6     3.0      3.8  1122.35  4272.58  1109.18  1044.09
23686.5s 589 RC204       5.18  433.05    3.60     6.04   0.00  17.40    0.00    23.53     3.0  12.8     3.0      3.4   839.80  4256.18   827.20   846.65
23686.5s 590 RC205       6.61  232.11    5.90    -0.53   9.52  12.53    0.00     8.33     4.2  22.0     4.0      4.8  1383.43  4309.63  1374.15  1290.78
23686.5s 591 RC206      -1.66  275.20    1.44    -0.96  10.53  22.67   14.41     0.00     3.8  18.8     3.4      4.0  1127.33  4301.00  1162.83  1135.37
23686.5s 592 RC207       4.24  303.87    4.82    -2.45  14.41  25.64   14.41    26.09     3.4  16.8     3.4      4.6  1106.11  4285.67  1112.32  1035.11
23686.5s 593 RC208       6.14  414.57    6.17     6.23   0.00  13.12    0.00     0.00     3.0  11.2     3.0      3.0   878.97  4261.38   879.26   879.70
23928.9s 594 /usr/local/lib/python3.12/dist-packages/mistune.py:435: SyntaxWarning: invalid escape sequence '\|'
23928.9s 595 cells[i][c] = re.sub('\\\\\|', '|', cell)
23929.1s 596 /usr/local/lib/python3.12/dist-packages/nbconvert/filters/filter_links.py:36: SyntaxWarning: invalid escape sequence '\_'
23929.1s 597 text = re.sub(r'_', '\_', text) # Escape underscores in display text
23929.6s 598 [NbConvertApp] Converting notebook __notebook__.ipynb to notebook
23930.0s 599 [NbConvertApp] Writing 968711 bytes to __notebook__.ipynb
23932.3s 600 [NbConvertApp] Converting notebook __notebook__.ipynb to html
23933.4s 601 [NbConvertApp] Support files will be in __results___files/
23933.4s 602 [NbConvertApp] Making directory __results___files
23933.4s 603 [NbConvertApp] Making directory __results___files
23933.4s 604 [NbConvertApp] Making directory __results___files
23933.4s 605 [NbConvertApp] Making directory __results___files
23933.4s 606 [NbConvertApp] Making directory __results___files
23933.4s 607 [NbConvertApp] Writing 632988 bytes to __results__.html